[[1;95mB[m] Betterlockscreen
[[1;92m*[m] Updating image cache...
[[1;97m=[m] Detected 2 display(s) @ 3840x1080 total resolution
[[1;97m=[m] Original image(s): 15.jpg 15.jpg
[[1;97m=[m] Processing display: eDP-1 (1)
[[1;97m=[m] Resolution: 1920x1080
[[1;92m*[m] Resizing base image...
[[1;92m*[m] Rendering 'dim' effect...
[[1;92m*[m] Rendering 'blur' effect...
[[1;92m*[m] Rendering 'dimblur' effect...
[[1;92m*[m] Rendering 'pixel' effect...
[[1;92m*[m] Rendering 'dimpixel' effect...
[[1;92m*[m] Rendering 'color' effect...
[[1;97m=[m] Processing display: HDMI-2 (2)
[[1;97m=[m] Resolution: 1920x1080
[[1;92m*[m] Resizing base image...
[[1;92m*[m] Rendering 'dim' effect...
[[1;92m*[m] Rendering 'blur' effect...
[[1;92m*[m] Rendering 'dimblur' effect...
[[1;92m*[m] Rendering 'pixel' effect...
[[1;92m*[m] Rendering 'dimpixel' effect...
[[1;92m*[m] Rendering 'color' effect...
[[1;92m*[m] Creating canvas: 3840x1080
[[1;92m*[m] Rendering final wallpaper images...
[[1;92m*[m] Rendering final lockscreen images...
[[1;93m+[m] Done
[[1;95mB[m] Betterlockscreen
[[1;92m*[m] Updating image cache...
[[1;97m=[m] Detected 2 display(s) @ 3840x1080 total resolution
[[1;97m=[m] Original image(s): 2.jpg 2.jpg
[[1;97m=[m] Processing display: eDP-1 (1)
[[1;97m=[m] Resolution: 1920x1080
[[1;92m*[m] Resizing base image...
[[1;92m*[m] Rendering 'dim' effect...
[[1;92m*[m] Rendering 'blur' effect...
[[1;92m*[m] Rendering 'dimblur' effect...
[[1;92m*[m] Rendering 'pixel' effect...
[[1;92m*[m] Rendering 'dimpixel' effect...
[[1;92m*[m] Rendering 'color' effect...
[[1;97m=[m] Processing display: HDMI-2 (2)
[[1;97m=[m] Resolution: 1920x1080
[[1;92m*[m] Resizing base image...
[[1;92m*[m] Rendering 'dim' effect...
[[1;92m*[m] Rendering 'blur' effect...
[[1;92m*[m] Rendering 'dimblur' effect...
[[1;92m*[m] Rendering 'pixel' effect...
[[1;92m*[m] Rendering 'dimpixel' effect...
[[1;92m*[m] Rendering 'color' effect...
[[1;92m*[m] Creating canvas: 3840x1080
[[1;92m*[m] Rendering final wallpaper images...
[[1;92m*[m] Rendering final lockscreen images...
[[1;93m+[m] Done
[[1;95mB[m] Betterlockscreen
[[1;92m*[m] Updating image cache...
[[1;97m=[m] Detected 2 display(s) @ 3840x1080 total resolution
[[1;97m=[m] Original image(s): 14.jpg 14.jpg
[[1;97m=[m] Processing display: eDP-1 (1)
[[1;97m=[m] Resolution: 1920x1080
[[1;92m*[m] Resizing base image...
[[1;92m*[m] Rendering 'dim' effect...
[[1;92m*[m] Rendering 'blur' effect...
[[1;92m*[m] Rendering 'dimblur' effect...
[[1;92m*[m] Rendering 'pixel' effect...
[[1;92m*[m] Rendering 'dimpixel' effect...
[[1;92m*[m] Rendering 'color' effect...
[[1;97m=[m] Processing display: HDMI-2 (2)
[[1;97m=[m] Resolution: 1920x1080
[[1;92m*[m] Resizing base image...
[[1;92m*[m] Rendering 'dim' effect...
[[1;92m*[m] Rendering 'blur' effect...
[[1;92m*[m] Rendering 'dimblur' effect...
[[1;92m*[m] Rendering 'pixel' effect...
[[1;92m*[m] Rendering 'dimpixel' effect...
[[1;92m*[m] Rendering 'color' effect...
[[1;92m*[m] Creating canvas: 3840x1080
[[1;92m*[m] Rendering final wallpaper images...
[[1;92m*[m] Rendering final lockscreen images...
[[1;93m+[m] Done
[[1;95mB[m] Betterlockscreen
[[1;92m*[m] Updating image cache...
[[1;97m=[m] Detected 2 display(s) @ 3840x1080 total resolution
[[1;97m=[m] Original image(s): 7.jpg 7.jpg
[[1;97m=[m] Processing display: eDP-1 (1)
[[1;97m=[m] Resolution: 1920x1080
[[1;92m*[m] Resizing base image...
[[1;92m*[m] Rendering 'dim' effect...
[[1;92m*[m] Rendering 'blur' effect...
[[1;92m*[m] Rendering 'dimblur' effect...
[[1;92m*[m] Rendering 'pixel' effect...
[[1;92m*[m] Rendering 'dimpixel' effect...
[[1;92m*[m] Rendering 'color' effect...
[[1;97m=[m] Processing display: HDMI-2 (2)
[[1;97m=[m] Resolution: 1920x1080
[[1;92m*[m] Resizing base image...
[[1;92m*[m] Rendering 'dim' effect...
[[1;92m*[m] Rendering 'blur' effect...
[[1;92m*[m] Rendering 'dimblur' effect...
[[1;92m*[m] Rendering 'pixel' effect...
[[1;92m*[m] Rendering 'dimpixel' effect...
[[1;92m*[m] Rendering 'color' effect...
[[1;92m*[m] Creating canvas: 3840x1080
[[1;92m*[m] Rendering final wallpaper images...
[[1;92m*[m] Rendering final lockscreen images...
[[1;93m+[m] Done
[[1;95mB[m] Betterlockscreen
[[1;92m*[m] Updating image cache...
[[1;97m=[m] Detected 2 display(s) @ 3840x1080 total resolution
[[1;97m=[m] Original image(s): 5.jpg 5.jpg
[[1;97m=[m] Processing display: eDP-1 (1)
[[1;97m=[m] Resolution: 1920x1080
[[1;92m*[m] Resizing base image...
[[1;92m*[m] Rendering 'dim' effect...
[[1;92m*[m] Rendering 'blur' effect...
[[1;92m*[m] Rendering 'dimblur' effect...
[[1;92m*[m] Rendering 'pixel' effect...
[[1;92m*[m] Rendering 'dimpixel' effect...
[[1;92m*[m] Rendering 'color' effect...
[[1;97m=[m] Processing display: HDMI-2 (2)
[[1;97m=[m] Resolution: 1920x1080
[[1;92m*[m] Resizing base image...
[[1;92m*[m] Rendering 'dim' effect...
[[1;92m*[m] Rendering 'blur' effect...
[[1;92m*[m] Rendering 'dimblur' effect...
[[1;92m*[m] Rendering 'pixel' effect...
[[1;92m*[m] Rendering 'dimpixel' effect...
[[1;92m*[m] Rendering 'color' effect...
[[1;92m*[m] Creating canvas: 3840x1080
[[1;92m*[m] Rendering final wallpaper images...
[[1;92m*[m] Rendering final lockscreen images...
[[1;93m+[m] Done
[[1;95mB[m] Betterlockscreen
[[1;92m*[m] Updating image cache...
[[1;97m=[m] Detected 2 display(s) @ 3840x1080 total resolution
[[1;97m=[m] Original image(s): 2.jpg 2.jpg
[[1;97m=[m] Processing display: eDP-1 (1)
[[1;97m=[m] Resolution: 1920x1080
[[1;92m*[m] Resizing base image...
[[1;92m*[m] Rendering 'dim' effect...
[[1;92m*[m] Rendering 'blur' effect...
[[1;92m*[m] Rendering 'dimblur' effect...
[[1;92m*[m] Rendering 'pixel' effect...
[[1;92m*[m] Rendering 'dimpixel' effect...
[[1;92m*[m] Rendering 'color' effect...
[[1;97m=[m] Processing display: HDMI-2 (2)
[[1;97m=[m] Resolution: 1920x1080
[[1;92m*[m] Resizing base image...
[[1;92m*[m] Rendering 'dim' effect...
[[1;92m*[m] Rendering 'blur' effect...
[[1;92m*[m] Rendering 'dimblur' effect...
[[1;92m*[m] Rendering 'pixel' effect...
[[1;92m*[m] Rendering 'dimpixel' effect...
[[1;92m*[m] Rendering 'color' effect...
[[1;92m*[m] Creating canvas: 3840x1080
[[1;92m*[m] Rendering final wallpaper images...
[[1;92m*[m] Rendering final lockscreen images...
[[1;93m+[m] Done
[[1;95mB[m] Betterlockscreen
[[1;92m*[m] Updating image cache...
[[1;97m=[m] Detected 2 display(s) @ 3840x1080 total resolution
[[1;97m=[m] Original image(s): 15.jpg 15.jpg
[[1;97m=[m] Processing display: eDP-1 (1)
[[1;97m=[m] Resolution: 1920x1080
[[1;92m*[m] Resizing base image...
[[1;92m*[m] Rendering 'dim' effect...
[[1;92m*[m] Rendering 'blur' effect...
[[1;92m*[m] Rendering 'dimblur' effect...
[[1;92m*[m] Rendering 'pixel' effect...
[[1;92m*[m] Rendering 'dimpixel' effect...
[[1;92m*[m] Rendering 'color' effect...
[[1;97m=[m] Processing display: HDMI-2 (2)
[[1;97m=[m] Resolution: 1920x1080
[[1;92m*[m] Resizing base image...
[[1;92m*[m] Rendering 'dim' effect...
[[1;92m*[m] Rendering 'blur' effect...
[[1;92m*[m] Rendering 'dimblur' effect...
[[1;92m*[m] Rendering 'pixel' effect...
[[1;92m*[m] Rendering 'dimpixel' effect...
[[1;92m*[m] Rendering 'color' effect...
[[1;92m*[m] Creating canvas: 3840x1080
[[1;92m*[m] Rendering final wallpaper images...
[[1;92m*[m] Rendering final lockscreen images...
[[1;93m+[m] Done
[[1;95mB[m] Betterlockscreen
[[1;92m*[m] Updating image cache...
[[1;97m=[m] Detected 2 display(s) @ 3840x1080 total resolution
[[1;97m=[m] Original image(s): 3.jpg 3.jpg
[[1;97m=[m] Processing display: eDP-1 (1)
[[1;97m=[m] Resolution: 1920x1080
[[1;92m*[m] Resizing base image...
[[1;92m*[m] Rendering 'dim' effect...
[[1;92m*[m] Rendering 'blur' effect...
[[1;92m*[m] Rendering 'dimblur' effect...
[[1;92m*[m] Rendering 'pixel' effect...
[[1;92m*[m] Rendering 'dimpixel' effect...
[[1;92m*[m] Rendering 'color' effect...
[[1;97m=[m] Processing display: HDMI-2 (2)
[[1;97m=[m] Resolution: 1920x1080
[[1;92m*[m] Resizing base image...
[[1;92m*[m] Rendering 'dim' effect...
[[1;92m*[m] Rendering 'blur' effect...
[[1;92m*[m] Rendering 'dimblur' effect...
[[1;92m*[m] Rendering 'pixel' effect...
[[1;92m*[m] Rendering 'dimpixel' effect...
[[1;92m*[m] Rendering 'color' effect...
[[1;92m*[m] Creating canvas: 3840x1080
[[1;92m*[m] Rendering final wallpaper images...
[[1;92m*[m] Rendering final lockscreen images...
[[1;93m+[m] Done
[[1;95mB[m] Betterlockscreen
[[1;92m*[m] Updating image cache...
[[1;97m=[m] Detected 2 display(s) @ 3840x1080 total resolution
[[1;97m=[m] Original image(s): 15.jpg 15.jpg
[[1;97m=[m] Processing display: eDP-1 (1)
[[1;97m=[m] Resolution: 1920x1080
[[1;92m*[m] Resizing base image...
[[1;92m*[m] Rendering 'dim' effect...
[[1;92m*[m] Rendering 'blur' effect...
[[1;92m*[m] Rendering 'dimblur' effect...
[[1;92m*[m] Rendering 'pixel' effect...
[[1;92m*[m] Rendering 'dimpixel' effect...
[[1;92m*[m] Rendering 'color' effect...
[[1;97m=[m] Processing display: HDMI-2 (2)
[[1;97m=[m] Resolution: 1920x1080
[[1;92m*[m] Resizing base image...
[[1;92m*[m] Rendering 'dim' effect...
[[1;92m*[m] Rendering 'blur' effect...
[[1;92m*[m] Rendering 'dimblur' effect...
[[1;92m*[m] Rendering 'pixel' effect...
[[1;92m*[m] Rendering 'dimpixel' effect...
[[1;92m*[m] Rendering 'color' effect...
[[1;92m*[m] Creating canvas: 3840x1080
[[1;92m*[m] Rendering final wallpaper images...
[[1;92m*[m] Rendering final lockscreen images...
[[1;93m+[m] Done
[[1;95mB[m] Betterlockscreen
[[1;92m*[m] Updating image cache...
[[1;97m=[m] Detected 2 display(s) @ 3840x1080 total resolution
[[1;97m=[m] Original image(s): 14.jpg 14.jpg
[[1;97m=[m] Processing display: eDP-1 (1)
[[1;97m=[m] Resolution: 1920x1080
[[1;92m*[m] Resizing base image...
[[1;92m*[m] Rendering 'dim' effect...
[[1;92m*[m] Rendering 'blur' effect...
[[1;92m*[m] Rendering 'dimblur' effect...
[[1;92m*[m] Rendering 'pixel' effect...
[[1;92m*[m] Rendering 'dimpixel' effect...
[[1;92m*[m] Rendering 'color' effect...
[[1;97m=[m] Processing display: HDMI-2 (2)
[[1;97m=[m] Resolution: 1920x1080
[[1;92m*[m] Resizing base image...
[[1;92m*[m] Rendering 'dim' effect...
[[1;92m*[m] Rendering 'blur' effect...
[[1;92m*[m] Rendering 'dimblur' effect...
[[1;92m*[m] Rendering 'pixel' effect...
[[1;92m*[m] Rendering 'dimpixel' effect...
[[1;92m*[m] Rendering 'color' effect...
[[1;92m*[m] Creating canvas: 3840x1080
[[1;92m*[m] Rendering final wallpaper images...
[[1;92m*[m] Rendering final lockscreen images...
[[1;93m+[m] Done
[[1;95mB[m] Betterlockscreen
[[1;92m*[m] Updating image cache...
[[1;97m=[m] Detected 2 display(s) @ 3840x1080 total resolution
[[1;97m=[m] Original image(s): 9.jpg 9.jpg
[[1;97m=[m] Processing display: eDP-1 (1)
[[1;97m=[m] Resolution: 1920x1080
[[1;92m*[m] Resizing base image...
[[1;92m*[m] Rendering 'dim' effect...
[[1;92m*[m] Rendering 'blur' effect...
[[1;92m*[m] Rendering 'dimblur' effect...
[[1;92m*[m] Rendering 'pixel' effect...
[[1;92m*[m] Rendering 'dimpixel' effect...
[[1;92m*[m] Rendering 'color' effect...
[[1;97m=[m] Processing display: HDMI-2 (2)
[[1;97m=[m] Resolution: 1920x1080
[[1;92m*[m] Resizing base image...
[[1;92m*[m] Rendering 'dim' effect...
[[1;92m*[m] Rendering 'blur' effect...
[[1;92m*[m] Rendering 'dimblur' effect...
[[1;92m*[m] Rendering 'pixel' effect...
[[1;92m*[m] Rendering 'dimpixel' effect...
[[1;92m*[m] Rendering 'color' effect...
[[1;92m*[m] Creating canvas: 3840x1080
[[1;92m*[m] Rendering final wallpaper images...
[[1;92m*[m] Rendering final lockscreen images...
[[1;93m+[m] Done
xset:  unable to open display ""
xset:  unable to open display ""
[[1;95mB[m] Betterlockscreen
[[1;92m*[m] Updating image cache...
Can't open display 
xdpyinfo:  unable to open display "".
[[1;97m=[m] Detected 0 display(s) @  total resolution
[[1;97m=[m] Original image(s): 
[[1;92m*[m] Rendering final wallpaper images...
[[1;92m*[m] Rendering final lockscreen images...
xrdb: Can't open display ''
xdpyinfo:  unable to open display "".
xrdb: Can't open display ''
xdpyinfo:  unable to open display "".
[[1;93m+[m] Done
[[1;95mB[m] Betterlockscreen
[[1;92m*[m] Updating image cache...
[[1;97m=[m] Detected 2 display(s) @ 3840x1080 total resolution
[[1;97m=[m] Original image(s): 7.jpg 7.jpg
[[1;97m=[m] Processing display: eDP-1 (1)
[[1;97m=[m] Resolution: 1920x1080
[[1;92m*[m] Resizing base image...
[[1;92m*[m] Rendering 'dim' effect...
[[1;92m*[m] Rendering 'blur' effect...
[[1;92m*[m] Rendering 'dimblur' effect...
[[1;92m*[m] Rendering 'pixel' effect...
[[1;92m*[m] Rendering 'dimpixel' effect...
[[1;92m*[m] Rendering 'color' effect...
[[1;97m=[m] Processing display: HDMI-2 (2)
[[1;97m=[m] Resolution: 1920x1080
[[1;92m*[m] Resizing base image...
[[1;92m*[m] Rendering 'dim' effect...
[[1;92m*[m] Rendering 'blur' effect...
[[1;92m*[m] Rendering 'dimblur' effect...
[[1;92m*[m] Rendering 'pixel' effect...
[[1;92m*[m] Rendering 'dimpixel' effect...
[[1;92m*[m] Rendering 'color' effect...
[[1;92m*[m] Creating canvas: 3840x1080
[[1;92m*[m] Rendering final wallpaper images...
[[1;92m*[m] Rendering final lockscreen images...
[[1;93m+[m] Done
[[1;95mB[m] Betterlockscreen
[[1;92m*[m] Updating image cache...
[[1;97m=[m] Detected 2 display(s) @ 3840x1080 total resolution
[[1;97m=[m] Original image(s): 1.jpg 1.jpg
[[1;97m=[m] Processing display: eDP-1 (1)
[[1;97m=[m] Resolution: 1920x1080
[[1;92m*[m] Resizing base image...
[[1;92m*[m] Rendering 'dim' effect...
[[1;92m*[m] Rendering 'blur' effect...
[[1;92m*[m] Rendering 'dimblur' effect...
[[1;92m*[m] Rendering 'pixel' effect...
[[1;92m*[m] Rendering 'dimpixel' effect...
[[1;92m*[m] Rendering 'color' effect...
[[1;97m=[m] Processing display: HDMI-2 (2)
[[1;97m=[m] Resolution: 1920x1080
[[1;92m*[m] Resizing base image...
[[1;92m*[m] Rendering 'dim' effect...
[[1;92m*[m] Rendering 'blur' effect...
[[1;92m*[m] Rendering 'dimblur' effect...
[[1;92m*[m] Rendering 'pixel' effect...
[[1;92m*[m] Rendering 'dimpixel' effect...
[[1;92m*[m] Rendering 'color' effect...
[[1;92m*[m] Creating canvas: 3840x1080
[[1;92m*[m] Rendering final wallpaper images...
[[1;92m*[m] Rendering final lockscreen images...
[[1;93m+[m] Done
[[1;95mB[m] Betterlockscreen
[[1;92m*[m] Updating image cache...
[[1;97m=[m] Detected 2 display(s) @ 3840x1080 total resolution
[[1;97m=[m] Original image(s): 9.jpg 9.jpg
[[1;97m=[m] Processing display: eDP-1 (1)
[[1;97m=[m] Resolution: 1920x1080
[[1;92m*[m] Resizing base image...
[[1;92m*[m] Rendering 'dim' effect...
[[1;92m*[m] Rendering 'blur' effect...
[[1;92m*[m] Rendering 'dimblur' effect...
[[1;92m*[m] Rendering 'pixel' effect...
[[1;92m*[m] Rendering 'dimpixel' effect...
[[1;92m*[m] Rendering 'color' effect...
[[1;97m=[m] Processing display: HDMI-2 (2)
[[1;97m=[m] Resolution: 1920x1080
[[1;92m*[m] Resizing base image...
[[1;92m*[m] Rendering 'dim' effect...
[[1;92m*[m] Rendering 'blur' effect...
[[1;92m*[m] Rendering 'dimblur' effect...
[[1;92m*[m] Rendering 'pixel' effect...
[[1;92m*[m] Rendering 'dimpixel' effect...
[[1;92m*[m] Rendering 'color' effect...
[[1;92m*[m] Creating canvas: 3840x1080
[[1;92m*[m] Rendering final wallpaper images...
[[1;92m*[m] Rendering final lockscreen images...
[[1;93m+[m] Done
xset:  unable to open display ""
xset:  unable to open display ""
[[1;95mB[m] Betterlockscreen
[[1;92m*[m] Updating image cache...
Can't open display 
xdpyinfo:  unable to open display "".
[[1;97m=[m] Detected 0 display(s) @  total resolution
[[1;97m=[m] Original image(s): 
[[1;92m*[m] Rendering final wallpaper images...
[[1;92m*[m] Rendering final lockscreen images...
xrdb: Can't open display ''
xdpyinfo:  unable to open display "".
xrdb: Can't open display ''
xdpyinfo:  unable to open display "".
[[1;93m+[m] Done
xset:  unable to open display ""
xset:  unable to open display ""
[[1;95mB[m] Betterlockscreen
[[1;92m*[m] Updating image cache...
Can't open display 
xdpyinfo:  unable to open display "".
[[1;97m=[m] Detected 0 display(s) @  total resolution
[[1;97m=[m] Original image(s): 
[[1;92m*[m] Rendering final wallpaper images...
[[1;92m*[m] Rendering final lockscreen images...
xrdb: Can't open display ''
xdpyinfo:  unable to open display "".
xrdb: Can't open display ''
xdpyinfo:  unable to open display "".
[[1;93m+[m] Done
xset:  unable to open display ""
xset:  unable to open display ""
[[1;95mB[m] Betterlockscreen
[[1;92m*[m] Updating image cache...
Can't open display 
xdpyinfo:  unable to open display "".
[[1;97m=[m] Detected 0 display(s) @  total resolution
[[1;97m=[m] Original image(s): 
[[1;92m*[m] Rendering final wallpaper images...
[[1;92m*[m] Rendering final lockscreen images...
xrdb: Can't open display ''
xdpyinfo:  unable to open display "".
xrdb: Can't open display ''
xdpyinfo:  unable to open display "".
[[1;93m+[m] Done
[[1;95mB[m] Betterlockscreen
[[1;92m*[m] Updating image cache...
[[1;97m=[m] Detected 2 display(s) @ 3840x1080 total resolution
[[1;97m=[m] Original image(s): 12.jpg 12.jpg
[[1;97m=[m] Processing display: eDP-1 (1)
[[1;97m=[m] Resolution: 1920x1080
[[1;92m*[m] Resizing base image...
[[1;92m*[m] Rendering 'dim' effect...
[[1;92m*[m] Rendering 'blur' effect...
[[1;92m*[m] Rendering 'dimblur' effect...
[[1;92m*[m] Rendering 'pixel' effect...
[[1;92m*[m] Rendering 'dimpixel' effect...
[[1;92m*[m] Rendering 'color' effect...
[[1;97m=[m] Processing display: HDMI-2 (2)
[[1;97m=[m] Resolution: 1920x1080
[[1;92m*[m] Resizing base image...
[[1;92m*[m] Rendering 'dim' effect...
[[1;92m*[m] Rendering 'blur' effect...
[[1;92m*[m] Rendering 'dimblur' effect...
[[1;92m*[m] Rendering 'pixel' effect...
[[1;92m*[m] Rendering 'dimpixel' effect...
[[1;92m*[m] Rendering 'color' effect...
[[1;92m*[m] Creating canvas: 3840x1080
[[1;92m*[m] Rendering final wallpaper images...
[[1;92m*[m] Rendering final lockscreen images...
[[1;93m+[m] Done
[[1;95mB[m] Betterlockscreen
[[1;92m*[m] Updating image cache...
[[1;97m=[m] Detected 2 display(s) @ 3840x1080 total resolution
[[1;97m=[m] Original image(s): 15.jpg 15.jpg
[[1;97m=[m] Processing display: eDP-1 (1)
[[1;97m=[m] Resolution: 1920x1080
[[1;92m*[m] Resizing base image...
[[1;92m*[m] Rendering 'dim' effect...
[[1;92m*[m] Rendering 'blur' effect...
[[1;92m*[m] Rendering 'dimblur' effect...
[[1;92m*[m] Rendering 'pixel' effect...
[[1;92m*[m] Rendering 'dimpixel' effect...
[[1;92m*[m] Rendering 'color' effect...
[[1;97m=[m] Processing display: HDMI-2 (2)
[[1;97m=[m] Resolution: 1920x1080
[[1;92m*[m] Resizing base image...
[[1;92m*[m] Rendering 'dim' effect...
[[1;92m*[m] Rendering 'blur' effect...
[[1;92m*[m] Rendering 'dimblur' effect...
[[1;92m*[m] Rendering 'pixel' effect...
[[1;92m*[m] Rendering 'dimpixel' effect...
[[1;92m*[m] Rendering 'color' effect...
[[1;92m*[m] Creating canvas: 3840x1080
[[1;92m*[m] Rendering final wallpaper images...
[[1;92m*[m] Rendering final lockscreen images...
[[1;93m+[m] Done
[[1;95mB[m] Betterlockscreen
[[1;92m*[m] Updating image cache...
[[1;97m=[m] Detected 2 display(s) @ 3840x1080 total resolution
[[1;97m=[m] Original image(s): 14.jpg 14.jpg
[[1;97m=[m] Processing display: eDP-1 (1)
[[1;97m=[m] Resolution: 1920x1080
[[1;92m*[m] Resizing base image...
[[1;92m*[m] Rendering 'dim' effect...
[[1;92m*[m] Rendering 'blur' effect...
[[1;92m*[m] Rendering 'dimblur' effect...
[[1;92m*[m] Rendering 'pixel' effect...
[[1;92m*[m] Rendering 'dimpixel' effect...
[[1;92m*[m] Rendering 'color' effect...
[[1;97m=[m] Processing display: HDMI-2 (2)
[[1;97m=[m] Resolution: 1920x1080
[[1;92m*[m] Resizing base image...
[[1;92m*[m] Rendering 'dim' effect...
[[1;92m*[m] Rendering 'blur' effect...
[[1;92m*[m] Rendering 'dimblur' effect...
[[1;92m*[m] Rendering 'pixel' effect...
[[1;92m*[m] Rendering 'dimpixel' effect...
[[1;92m*[m] Rendering 'color' effect...
[[1;92m*[m] Creating canvas: 3840x1080
[[1;92m*[m] Rendering final wallpaper images...
[[1;92m*[m] Rendering final lockscreen images...
[[1;93m+[m] Done
[[1;95mB[m] Betterlockscreen
[[1;92m*[m] Updating image cache...
[[1;97m=[m] Detected 2 display(s) @ 3840x1080 total resolution
[[1;97m=[m] Original image(s): 4.jpg 4.jpg
[[1;97m=[m] Processing display: eDP-1 (1)
[[1;97m=[m] Resolution: 1920x1080
[[1;92m*[m] Resizing base image...
[[1;92m*[m] Rendering 'dim' effect...
[[1;92m*[m] Rendering 'blur' effect...
[[1;92m*[m] Rendering 'dimblur' effect...
[[1;92m*[m] Rendering 'pixel' effect...
[[1;92m*[m] Rendering 'dimpixel' effect...
[[1;92m*[m] Rendering 'color' effect...
[[1;97m=[m] Processing display: HDMI-2 (2)
[[1;97m=[m] Resolution: 1920x1080
[[1;92m*[m] Resizing base image...
[[1;92m*[m] Rendering 'dim' effect...
[[1;92m*[m] Rendering 'blur' effect...
[[1;92m*[m] Rendering 'dimblur' effect...
[[1;92m*[m] Rendering 'pixel' effect...
[[1;92m*[m] Rendering 'dimpixel' effect...
[[1;92m*[m] Rendering 'color' effect...
[[1;92m*[m] Creating canvas: 3840x1080
[[1;92m*[m] Rendering final wallpaper images...
[[1;92m*[m] Rendering final lockscreen images...
[[1;93m+[m] Done
[[1;95mB[m] Betterlockscreen
[[1;92m*[m] Updating image cache...
[[1;97m=[m] Detected 2 display(s) @ 3840x1080 total resolution
[[1;97m=[m] Original image(s): 13.jpg 13.jpg
[[1;97m=[m] Processing display: eDP-1 (1)
[[1;97m=[m] Resolution: 1920x1080
[[1;92m*[m] Resizing base image...
[[1;92m*[m] Rendering 'dim' effect...
[[1;92m*[m] Rendering 'blur' effect...
[[1;92m*[m] Rendering 'dimblur' effect...
[[1;92m*[m] Rendering 'pixel' effect...
[[1;92m*[m] Rendering 'dimpixel' effect...
[[1;92m*[m] Rendering 'color' effect...
[[1;97m=[m] Processing display: HDMI-2 (2)
[[1;97m=[m] Resolution: 1920x1080
[[1;92m*[m] Resizing base image...
[[1;92m*[m] Rendering 'dim' effect...
[[1;92m*[m] Rendering 'blur' effect...
[[1;92m*[m] Rendering 'dimblur' effect...
[[1;92m*[m] Rendering 'pixel' effect...
[[1;92m*[m] Rendering 'dimpixel' effect...
[[1;92m*[m] Rendering 'color' effect...
[[1;92m*[m] Creating canvas: 3840x1080
[[1;92m*[m] Rendering final wallpaper images...
[[1;92m*[m] Rendering final lockscreen images...
[[1;93m+[m] Done
xset:  unable to open display ""
xset:  unable to open display ""
[[1;95mB[m] Betterlockscreen
[[1;92m*[m] Updating image cache...
Can't open display 
xdpyinfo:  unable to open display "".
[[1;97m=[m] Detected 0 display(s) @  total resolution
[[1;97m=[m] Original image(s): 
[[1;92m*[m] Rendering final wallpaper images...
[[1;92m*[m] Rendering final lockscreen images...
xrdb: Can't open display ''
xdpyinfo:  unable to open display "".
xrdb: Can't open display ''
xdpyinfo:  unable to open display "".
[[1;93m+[m] Done
[[1;95mB[m] Betterlockscreen
[[1;92m*[m] Updating image cache...
[[1;97m=[m] Detected 2 display(s) @ 3840x1080 total resolution
[[1;97m=[m] Original image(s): 2.jpg 2.jpg
[[1;97m=[m] Processing display: eDP-1 (1)
[[1;97m=[m] Resolution: 1920x1080
[[1;92m*[m] Resizing base image...
[[1;92m*[m] Rendering 'dim' effect...
[[1;92m*[m] Rendering 'blur' effect...
[[1;92m*[m] Rendering 'dimblur' effect...
[[1;92m*[m] Rendering 'pixel' effect...
[[1;92m*[m] Rendering 'dimpixel' effect...
[[1;92m*[m] Rendering 'color' effect...
[[1;97m=[m] Processing display: HDMI-2 (2)
[[1;97m=[m] Resolution: 1920x1080
[[1;92m*[m] Resizing base image...
[[1;92m*[m] Rendering 'dim' effect...
[[1;92m*[m] Rendering 'blur' effect...
[[1;92m*[m] Rendering 'dimblur' effect...
[[1;92m*[m] Rendering 'pixel' effect...
[[1;92m*[m] Rendering 'dimpixel' effect...
[[1;92m*[m] Rendering 'color' effect...
[[1;92m*[m] Creating canvas: 3840x1080
[[1;92m*[m] Rendering final wallpaper images...
[[1;92m*[m] Rendering final lockscreen images...
[[1;93m+[m] Done
[[1;95mB[m] Betterlockscreen
[[1;92m*[m] Updating image cache...
[[1;97m=[m] Detected 2 display(s) @ 3840x1080 total resolution
[[1;97m=[m] Original image(s): 4.jpg 4.jpg
[[1;97m=[m] Processing display: eDP-1 (1)
[[1;97m=[m] Resolution: 1920x1080
[[1;92m*[m] Resizing base image...
[[1;92m*[m] Rendering 'dim' effect...
[[1;92m*[m] Rendering 'blur' effect...
[[1;92m*[m] Rendering 'dimblur' effect...
[[1;92m*[m] Rendering 'pixel' effect...
[[1;92m*[m] Rendering 'dimpixel' effect...
[[1;92m*[m] Rendering 'color' effect...
[[1;97m=[m] Processing display: HDMI-2 (2)
[[1;97m=[m] Resolution: 1920x1080
[[1;92m*[m] Resizing base image...
[[1;92m*[m] Rendering 'dim' effect...
[[1;92m*[m] Rendering 'blur' effect...
[[1;92m*[m] Rendering 'dimblur' effect...
[[1;92m*[m] Rendering 'pixel' effect...
[[1;92m*[m] Rendering 'dimpixel' effect...
[[1;92m*[m] Rendering 'color' effect...
[[1;92m*[m] Creating canvas: 3840x1080
[[1;92m*[m] Rendering final wallpaper images...
[[1;92m*[m] Rendering final lockscreen images...
[[1;93m+[m] Done
[[1;95mB[m] Betterlockscreen
[[1;92m*[m] Updating image cache...
[[1;97m=[m] Detected 2 display(s) @ 3840x1080 total resolution
[[1;97m=[m] Original image(s): 9.jpg 9.jpg
[[1;97m=[m] Processing display: eDP-1 (1)
[[1;97m=[m] Resolution: 1920x1080
[[1;92m*[m] Resizing base image...
[[1;92m*[m] Rendering 'dim' effect...
[[1;92m*[m] Rendering 'blur' effect...
[[1;92m*[m] Rendering 'dimblur' effect...
[[1;92m*[m] Rendering 'pixel' effect...
[[1;92m*[m] Rendering 'dimpixel' effect...
[[1;92m*[m] Rendering 'color' effect...
[[1;97m=[m] Processing display: HDMI-2 (2)
[[1;97m=[m] Resolution: 1920x1080
[[1;92m*[m] Resizing base image...
[[1;92m*[m] Rendering 'dim' effect...
[[1;92m*[m] Rendering 'blur' effect...
[[1;92m*[m] Rendering 'dimblur' effect...
[[1;92m*[m] Rendering 'pixel' effect...
[[1;92m*[m] Rendering 'dimpixel' effect...
[[1;92m*[m] Rendering 'color' effect...
[[1;92m*[m] Creating canvas: 3840x1080
[[1;92m*[m] Rendering final wallpaper images...
[[1;92m*[m] Rendering final lockscreen images...
[[1;93m+[m] Done
[[1;95mB[m] Betterlockscreen
[[1;92m*[m] Updating image cache...
[[1;97m=[m] Detected 2 display(s) @ 3840x1080 total resolution
[[1;97m=[m] Original image(s): 12.jpg 12.jpg
[[1;97m=[m] Processing display: eDP-1 (1)
[[1;97m=[m] Resolution: 1920x1080
[[1;92m*[m] Resizing base image...
[[1;92m*[m] Rendering 'dim' effect...
[[1;92m*[m] Rendering 'blur' effect...
[[1;92m*[m] Rendering 'dimblur' effect...
[[1;92m*[m] Rendering 'pixel' effect...
[[1;92m*[m] Rendering 'dimpixel' effect...
[[1;92m*[m] Rendering 'color' effect...
[[1;97m=[m] Processing display: HDMI-2 (2)
[[1;97m=[m] Resolution: 1920x1080
[[1;92m*[m] Resizing base image...
[[1;92m*[m] Rendering 'dim' effect...
[[1;92m*[m] Rendering 'blur' effect...
[[1;92m*[m] Rendering 'dimblur' effect...
[[1;92m*[m] Rendering 'pixel' effect...
[[1;92m*[m] Rendering 'dimpixel' effect...
[[1;92m*[m] Rendering 'color' effect...
[[1;92m*[m] Creating canvas: 3840x1080
[[1;92m*[m] Rendering final wallpaper images...
[[1;92m*[m] Rendering final lockscreen images...
[[1;93m+[m] Done
[[1;95mB[m] Betterlockscreen
[[1;92m*[m] Updating image cache...
[[1;97m=[m] Detected 2 display(s) @ 3840x1080 total resolution
[[1;97m=[m] Original image(s): 5.jpg 5.jpg
[[1;97m=[m] Processing display: eDP-1 (1)
[[1;97m=[m] Resolution: 1920x1080
[[1;92m*[m] Resizing base image...
[[1;92m*[m] Rendering 'dim' effect...
[[1;92m*[m] Rendering 'blur' effect...
[[1;92m*[m] Rendering 'dimblur' effect...
[[1;92m*[m] Rendering 'pixel' effect...
[[1;92m*[m] Rendering 'dimpixel' effect...
[[1;92m*[m] Rendering 'color' effect...
[[1;97m=[m] Processing display: HDMI-2 (2)
[[1;97m=[m] Resolution: 1920x1080
[[1;92m*[m] Resizing base image...
[[1;92m*[m] Rendering 'dim' effect...
[[1;92m*[m] Rendering 'blur' effect...
[[1;92m*[m] Rendering 'dimblur' effect...
[[1;92m*[m] Rendering 'pixel' effect...
[[1;92m*[m] Rendering 'dimpixel' effect...
[[1;92m*[m] Rendering 'color' effect...
[[1;92m*[m] Creating canvas: 3840x1080
[[1;92m*[m] Rendering final wallpaper images...
[[1;92m*[m] Rendering final lockscreen images...
[[1;93m+[m] Done
[[1;95mB[m] Betterlockscreen
[[1;92m*[m] Updating image cache...
[[1;97m=[m] Detected 2 display(s) @ 3840x1080 total resolution
[[1;97m=[m] Original image(s): 1.jpg 1.jpg
[[1;97m=[m] Processing display: eDP-1 (1)
[[1;97m=[m] Resolution: 1920x1080
[[1;92m*[m] Resizing base image...
[[1;92m*[m] Rendering 'dim' effect...
[[1;92m*[m] Rendering 'blur' effect...
[[1;92m*[m] Rendering 'dimblur' effect...
[[1;92m*[m] Rendering 'pixel' effect...
[[1;92m*[m] Rendering 'dimpixel' effect...
[[1;92m*[m] Rendering 'color' effect...
[[1;97m=[m] Processing display: HDMI-2 (2)
[[1;97m=[m] Resolution: 1920x1080
[[1;92m*[m] Resizing base image...
[[1;92m*[m] Rendering 'dim' effect...
[[1;92m*[m] Rendering 'blur' effect...
[[1;92m*[m] Rendering 'dimblur' effect...
[[1;92m*[m] Rendering 'pixel' effect...
[[1;92m*[m] Rendering 'dimpixel' effect...
[[1;92m*[m] Rendering 'color' effect...
[[1;92m*[m] Creating canvas: 3840x1080
[[1;92m*[m] Rendering final wallpaper images...
[[1;92m*[m] Rendering final lockscreen images...
[[1;93m+[m] Done
[[1;95mB[m] Betterlockscreen
[[1;92m*[m] Updating image cache...
[[1;97m=[m] Detected 2 display(s) @ 3840x1080 total resolution
[[1;97m=[m] Original image(s): 13.jpg 13.jpg
[[1;97m=[m] Processing display: eDP-1 (1)
[[1;97m=[m] Resolution: 1920x1080
[[1;92m*[m] Resizing base image...
[[1;92m*[m] Rendering 'dim' effect...
[[1;92m*[m] Rendering 'blur' effect...
[[1;92m*[m] Rendering 'dimblur' effect...
[[1;92m*[m] Rendering 'pixel' effect...
[[1;92m*[m] Rendering 'dimpixel' effect...
[[1;92m*[m] Rendering 'color' effect...
[[1;97m=[m] Processing display: HDMI-2 (2)
[[1;97m=[m] Resolution: 1920x1080
[[1;92m*[m] Resizing base image...
[[1;92m*[m] Rendering 'dim' effect...
[[1;92m*[m] Rendering 'blur' effect...
[[1;92m*[m] Rendering 'dimblur' effect...
[[1;92m*[m] Rendering 'pixel' effect...
[[1;92m*[m] Rendering 'dimpixel' effect...
[[1;92m*[m] Rendering 'color' effect...
[[1;92m*[m] Creating canvas: 3840x1080
[[1;92m*[m] Rendering final wallpaper images...
[[1;92m*[m] Rendering final lockscreen images...
[[1;93m+[m] Done
[[1;95mB[m] Betterlockscreen
[[1;92m*[m] Updating image cache...
[[1;97m=[m] Detected 2 display(s) @ 3840x1080 total resolution
[[1;97m=[m] Original image(s): 10.jpg 10.jpg
[[1;97m=[m] Processing display: eDP-1 (1)
[[1;97m=[m] Resolution: 1920x1080
[[1;92m*[m] Resizing base image...
[[1;92m*[m] Rendering 'dim' effect...
[[1;92m*[m] Rendering 'blur' effect...
[[1;92m*[m] Rendering 'dimblur' effect...
[[1;92m*[m] Rendering 'pixel' effect...
[[1;92m*[m] Rendering 'dimpixel' effect...
[[1;92m*[m] Rendering 'color' effect...
[[1;97m=[m] Processing display: HDMI-2 (2)
[[1;97m=[m] Resolution: 1920x1080
[[1;92m*[m] Resizing base image...
[[1;92m*[m] Rendering 'dim' effect...
[[1;92m*[m] Rendering 'blur' effect...
[[1;92m*[m] Rendering 'dimblur' effect...
[[1;92m*[m] Rendering 'pixel' effect...
[[1;92m*[m] Rendering 'dimpixel' effect...
[[1;92m*[m] Rendering 'color' effect...
[[1;92m*[m] Creating canvas: 3840x1080
[[1;92m*[m] Rendering final wallpaper images...
[[1;92m*[m] Rendering final lockscreen images...
[[1;93m+[m] Done
[[1;95mB[m] Betterlockscreen
[[1;92m*[m] Updating image cache...
[[1;97m=[m] Detected 2 display(s) @ 3840x1080 total resolution
[[1;97m=[m] Original image(s): 1.jpg 1.jpg
[[1;97m=[m] Processing display: eDP-1 (1)
[[1;97m=[m] Resolution: 1920x1080
[[1;92m*[m] Resizing base image...
[[1;92m*[m] Rendering 'dim' effect...
[[1;92m*[m] Rendering 'blur' effect...
[[1;92m*[m] Rendering 'dimblur' effect...
[[1;92m*[m] Rendering 'pixel' effect...
[[1;92m*[m] Rendering 'dimpixel' effect...
[[1;92m*[m] Rendering 'color' effect...
[[1;97m=[m] Processing display: HDMI-2 (2)
[[1;97m=[m] Resolution: 1920x1080
[[1;92m*[m] Resizing base image...
[[1;92m*[m] Rendering 'dim' effect...
[[1;92m*[m] Rendering 'blur' effect...
[[1;92m*[m] Rendering 'dimblur' effect...
[[1;92m*[m] Rendering 'pixel' effect...
[[1;92m*[m] Rendering 'dimpixel' effect...
[[1;92m*[m] Rendering 'color' effect...
[[1;92m*[m] Creating canvas: 3840x1080
[[1;92m*[m] Rendering final wallpaper images...
[[1;92m*[m] Rendering final lockscreen images...
[[1;93m+[m] Done
[[1;95mB[m] Betterlockscreen
[[1;92m*[m] Updating image cache...
[[1;97m=[m] Detected 2 display(s) @ 3840x1080 total resolution
[[1;97m=[m] Original image(s): 15.jpg 15.jpg
[[1;97m=[m] Processing display: eDP-1 (1)
[[1;97m=[m] Resolution: 1920x1080
[[1;92m*[m] Resizing base image...
[[1;92m*[m] Rendering 'dim' effect...
[[1;92m*[m] Rendering 'blur' effect...
[[1;92m*[m] Rendering 'dimblur' effect...
[[1;92m*[m] Rendering 'pixel' effect...
[[1;92m*[m] Rendering 'dimpixel' effect...
[[1;92m*[m] Rendering 'color' effect...
[[1;97m=[m] Processing display: HDMI-2 (2)
[[1;97m=[m] Resolution: 1920x1080
[[1;92m*[m] Resizing base image...
[[1;92m*[m] Rendering 'dim' effect...
[[1;92m*[m] Rendering 'blur' effect...
[[1;92m*[m] Rendering 'dimblur' effect...
[[1;92m*[m] Rendering 'pixel' effect...
[[1;92m*[m] Rendering 'dimpixel' effect...
[[1;92m*[m] Rendering 'color' effect...
[[1;92m*[m] Creating canvas: 3840x1080
[[1;92m*[m] Rendering final wallpaper images...
[[1;92m*[m] Rendering final lockscreen images...
[[1;93m+[m] Done
[[1;95mB[m] Betterlockscreen
[[1;92m*[m] Updating image cache...
[[1;97m=[m] Detected 2 display(s) @ 3840x1080 total resolution
[[1;97m=[m] Original image(s): 9.jpg 9.jpg
[[1;97m=[m] Processing display: eDP-1 (1)
[[1;97m=[m] Resolution: 1920x1080
[[1;92m*[m] Resizing base image...
[[1;92m*[m] Rendering 'dim' effect...
[[1;92m*[m] Rendering 'blur' effect...
[[1;92m*[m] Rendering 'dimblur' effect...
[[1;92m*[m] Rendering 'pixel' effect...
[[1;92m*[m] Rendering 'dimpixel' effect...
[[1;92m*[m] Rendering 'color' effect...
[[1;97m=[m] Processing display: HDMI-2 (2)
[[1;97m=[m] Resolution: 1920x1080
[[1;92m*[m] Resizing base image...
[[1;92m*[m] Rendering 'dim' effect...
[[1;92m*[m] Rendering 'blur' effect...
[[1;92m*[m] Rendering 'dimblur' effect...
[[1;92m*[m] Rendering 'pixel' effect...
[[1;92m*[m] Rendering 'dimpixel' effect...
[[1;92m*[m] Rendering 'color' effect...
[[1;92m*[m] Creating canvas: 3840x1080
[[1;92m*[m] Rendering final wallpaper images...
[[1;92m*[m] Rendering final lockscreen images...
[[1;93m+[m] Done
[[1;95mB[m] Betterlockscreen
[[1;92m*[m] Updating image cache...
[[1;97m=[m] Detected 2 display(s) @ 3840x1080 total resolution
[[1;97m=[m] Original image(s): 12.jpg 12.jpg
[[1;97m=[m] Processing display: eDP-1 (1)
[[1;97m=[m] Resolution: 1920x1080
[[1;92m*[m] Resizing base image...
[[1;92m*[m] Rendering 'dim' effect...
[[1;92m*[m] Rendering 'blur' effect...
[[1;92m*[m] Rendering 'dimblur' effect...
[[1;92m*[m] Rendering 'pixel' effect...
[[1;92m*[m] Rendering 'dimpixel' effect...
[[1;92m*[m] Rendering 'color' effect...
[[1;97m=[m] Processing display: HDMI-2 (2)
[[1;97m=[m] Resolution: 1920x1080
[[1;92m*[m] Resizing base image...
[[1;92m*[m] Rendering 'dim' effect...
[[1;92m*[m] Rendering 'blur' effect...
[[1;92m*[m] Rendering 'dimblur' effect...
[[1;92m*[m] Rendering 'pixel' effect...
[[1;92m*[m] Rendering 'dimpixel' effect...
[[1;92m*[m] Rendering 'color' effect...
[[1;92m*[m] Creating canvas: 3840x1080
[[1;92m*[m] Rendering final wallpaper images...
[[1;92m*[m] Rendering final lockscreen images...
[[1;93m+[m] Done
[[1;95mB[m] Betterlockscreen
[[1;92m*[m] Updating image cache...
[[1;97m=[m] Detected 2 display(s) @ 3840x1080 total resolution
[[1;97m=[m] Original image(s): 12.jpg 12.jpg
[[1;97m=[m] Processing display: eDP-1 (1)
[[1;97m=[m] Resolution: 1920x1080
[[1;92m*[m] Resizing base image...
[[1;92m*[m] Rendering 'dim' effect...
[[1;92m*[m] Rendering 'blur' effect...
[[1;92m*[m] Rendering 'dimblur' effect...
[[1;92m*[m] Rendering 'pixel' effect...
[[1;92m*[m] Rendering 'dimpixel' effect...
[[1;92m*[m] Rendering 'color' effect...
[[1;97m=[m] Processing display: HDMI-2 (2)
[[1;97m=[m] Resolution: 1920x1080
[[1;92m*[m] Resizing base image...
[[1;92m*[m] Rendering 'dim' effect...
[[1;92m*[m] Rendering 'blur' effect...
[[1;92m*[m] Rendering 'dimblur' effect...
[[1;92m*[m] Rendering 'pixel' effect...
[[1;92m*[m] Rendering 'dimpixel' effect...
[[1;92m*[m] Rendering 'color' effect...
[[1;92m*[m] Creating canvas: 3840x1080
[[1;92m*[m] Rendering final wallpaper images...
[[1;92m*[m] Rendering final lockscreen images...
[[1;93m+[m] Done
xset:  unable to open display ""
xset:  unable to open display ""
[[1;95mB[m] Betterlockscreen
[[1;92m*[m] Updating image cache...
Can't open display 
xdpyinfo:  unable to open display "".
[[1;97m=[m] Detected 0 display(s) @  total resolution
[[1;97m=[m] Original image(s): 
[[1;92m*[m] Rendering final wallpaper images...
[[1;92m*[m] Rendering final lockscreen images...
xrdb: Can't open display ''
xdpyinfo:  unable to open display "".
xrdb: Can't open display ''
xdpyinfo:  unable to open display "".
[[1;93m+[m] Done
[[1;95mB[m] Betterlockscreen
[[1;92m*[m] Updating image cache...
[[1;97m=[m] Detected 2 display(s) @ 3840x1080 total resolution
[[1;97m=[m] Original image(s): 9.jpg 9.jpg
[[1;97m=[m] Processing display: eDP-1 (1)
[[1;97m=[m] Resolution: 1920x1080
[[1;92m*[m] Resizing base image...
[[1;92m*[m] Rendering 'dim' effect...
[[1;92m*[m] Rendering 'blur' effect...
[[1;92m*[m] Rendering 'dimblur' effect...
[[1;92m*[m] Rendering 'pixel' effect...
[[1;92m*[m] Rendering 'dimpixel' effect...
[[1;92m*[m] Rendering 'color' effect...
[[1;97m=[m] Processing display: HDMI-2 (2)
[[1;97m=[m] Resolution: 1920x1080
[[1;92m*[m] Resizing base image...
[[1;92m*[m] Rendering 'dim' effect...
[[1;92m*[m] Rendering 'blur' effect...
[[1;92m*[m] Rendering 'dimblur' effect...
[[1;92m*[m] Rendering 'pixel' effect...
[[1;92m*[m] Rendering 'dimpixel' effect...
[[1;92m*[m] Rendering 'color' effect...
[[1;92m*[m] Creating canvas: 3840x1080
[[1;92m*[m] Rendering final wallpaper images...
[[1;92m*[m] Rendering final lockscreen images...
[[1;93m+[m] Done
[[1;95mB[m] Betterlockscreen
[[1;92m*[m] Updating image cache...
[[1;97m=[m] Detected 2 display(s) @ 3840x1080 total resolution
[[1;97m=[m] Original image(s): 2.jpg 2.jpg
[[1;97m=[m] Processing display: eDP-1 (1)
[[1;97m=[m] Resolution: 1920x1080
[[1;92m*[m] Resizing base image...
[[1;92m*[m] Rendering 'dim' effect...
[[1;92m*[m] Rendering 'blur' effect...
[[1;92m*[m] Rendering 'dimblur' effect...
[[1;92m*[m] Rendering 'pixel' effect...
[[1;92m*[m] Rendering 'dimpixel' effect...
[[1;92m*[m] Rendering 'color' effect...
[[1;97m=[m] Processing display: HDMI-2 (2)
[[1;97m=[m] Resolution: 1920x1080
[[1;92m*[m] Resizing base image...
[[1;92m*[m] Rendering 'dim' effect...
[[1;92m*[m] Rendering 'blur' effect...
[[1;92m*[m] Rendering 'dimblur' effect...
[[1;92m*[m] Rendering 'pixel' effect...
[[1;92m*[m] Rendering 'dimpixel' effect...
[[1;92m*[m] Rendering 'color' effect...
[[1;92m*[m] Creating canvas: 3840x1080
[[1;92m*[m] Rendering final wallpaper images...
[[1;92m*[m] Rendering final lockscreen images...
[[1;93m+[m] Done
[[1;95mB[m] Betterlockscreen
[[1;92m*[m] Updating image cache...
[[1;97m=[m] Detected 2 display(s) @ 3840x1080 total resolution
[[1;97m=[m] Original image(s): 1.jpg 1.jpg
[[1;97m=[m] Processing display: eDP-1 (1)
[[1;97m=[m] Resolution: 1920x1080
[[1;92m*[m] Resizing base image...
[[1;92m*[m] Rendering 'dim' effect...
[[1;92m*[m] Rendering 'blur' effect...
[[1;92m*[m] Rendering 'dimblur' effect...
[[1;92m*[m] Rendering 'pixel' effect...
[[1;92m*[m] Rendering 'dimpixel' effect...
[[1;92m*[m] Rendering 'color' effect...
[[1;97m=[m] Processing display: HDMI-2 (2)
[[1;97m=[m] Resolution: 1920x1080
[[1;92m*[m] Resizing base image...
[[1;92m*[m] Rendering 'dim' effect...
[[1;92m*[m] Rendering 'blur' effect...
[[1;92m*[m] Rendering 'dimblur' effect...
[[1;92m*[m] Rendering 'pixel' effect...
[[1;92m*[m] Rendering 'dimpixel' effect...
[[1;92m*[m] Rendering 'color' effect...
[[1;92m*[m] Creating canvas: 3840x1080
[[1;92m*[m] Rendering final wallpaper images...
[[1;92m*[m] Rendering final lockscreen images...
[[1;93m+[m] Done
[[1;95mB[m] Betterlockscreen
[[1;92m*[m] Updating image cache...
[[1;97m=[m] Detected 2 display(s) @ 3840x1080 total resolution
[[1;97m=[m] Original image(s): 10.jpg 10.jpg
[[1;97m=[m] Processing display: eDP-1 (1)
[[1;97m=[m] Resolution: 1920x1080
[[1;92m*[m] Resizing base image...
[[1;92m*[m] Rendering 'dim' effect...
[[1;92m*[m] Rendering 'blur' effect...
[[1;92m*[m] Rendering 'dimblur' effect...
[[1;92m*[m] Rendering 'pixel' effect...
[[1;92m*[m] Rendering 'dimpixel' effect...
[[1;92m*[m] Rendering 'color' effect...
[[1;97m=[m] Processing display: HDMI-2 (2)
[[1;97m=[m] Resolution: 1920x1080
[[1;92m*[m] Resizing base image...
[[1;92m*[m] Rendering 'dim' effect...
[[1;92m*[m] Rendering 'blur' effect...
[[1;92m*[m] Rendering 'dimblur' effect...
[[1;92m*[m] Rendering 'pixel' effect...
[[1;92m*[m] Rendering 'dimpixel' effect...
[[1;92m*[m] Rendering 'color' effect...
[[1;92m*[m] Creating canvas: 3840x1080
[[1;92m*[m] Rendering final wallpaper images...
[[1;92m*[m] Rendering final lockscreen images...
[[1;93m+[m] Done
[[1;95mB[m] Betterlockscreen
[[1;92m*[m] Updating image cache...
[[1;97m=[m] Detected 2 display(s) @ 3840x1080 total resolution
[[1;97m=[m] Original image(s): 12.jpg 12.jpg
[[1;97m=[m] Processing display: eDP-1 (1)
[[1;97m=[m] Resolution: 1920x1080
[[1;92m*[m] Resizing base image...
[[1;92m*[m] Rendering 'dim' effect...
[[1;92m*[m] Rendering 'blur' effect...
[[1;92m*[m] Rendering 'dimblur' effect...
[[1;92m*[m] Rendering 'pixel' effect...
[[1;92m*[m] Rendering 'dimpixel' effect...
[[1;92m*[m] Rendering 'color' effect...
[[1;97m=[m] Processing display: HDMI-2 (2)
[[1;97m=[m] Resolution: 1920x1080
[[1;92m*[m] Resizing base image...
[[1;92m*[m] Rendering 'dim' effect...
[[1;92m*[m] Rendering 'blur' effect...
[[1;92m*[m] Rendering 'dimblur' effect...
[[1;92m*[m] Rendering 'pixel' effect...
[[1;92m*[m] Rendering 'dimpixel' effect...
[[1;92m*[m] Rendering 'color' effect...
[[1;92m*[m] Creating canvas: 3840x1080
[[1;92m*[m] Rendering final wallpaper images...
[[1;92m*[m] Rendering final lockscreen images...
[[1;93m+[m] Done
[[1;95mB[m] Betterlockscreen
[[1;92m*[m] Updating image cache...
[[1;97m=[m] Detected 2 display(s) @ 3840x1080 total resolution
[[1;97m=[m] Original image(s): 2.jpg 2.jpg
[[1;97m=[m] Processing display: eDP-1 (1)
[[1;97m=[m] Resolution: 1920x1080
[[1;92m*[m] Resizing base image...
[[1;92m*[m] Rendering 'dim' effect...
[[1;92m*[m] Rendering 'blur' effect...
[[1;92m*[m] Rendering 'dimblur' effect...
[[1;92m*[m] Rendering 'pixel' effect...
[[1;92m*[m] Rendering 'dimpixel' effect...
[[1;92m*[m] Rendering 'color' effect...
[[1;97m=[m] Processing display: HDMI-2 (2)
[[1;97m=[m] Resolution: 1920x1080
[[1;92m*[m] Resizing base image...
[[1;92m*[m] Rendering 'dim' effect...
[[1;92m*[m] Rendering 'blur' effect...
[[1;92m*[m] Rendering 'dimblur' effect...
[[1;92m*[m] Rendering 'pixel' effect...
[[1;92m*[m] Rendering 'dimpixel' effect...
[[1;92m*[m] Rendering 'color' effect...
[[1;92m*[m] Creating canvas: 3840x1080
[[1;92m*[m] Rendering final wallpaper images...
[[1;92m*[m] Rendering final lockscreen images...
[[1;93m+[m] Done
[[1;95mB[m] Betterlockscreen
[[1;92m*[m] Updating image cache...
[[1;97m=[m] Detected 2 display(s) @ 3840x1080 total resolution
[[1;97m=[m] Original image(s): 13.jpg 13.jpg
[[1;97m=[m] Processing display: eDP-1 (1)
[[1;97m=[m] Resolution: 1920x1080
[[1;92m*[m] Resizing base image...
[[1;92m*[m] Rendering 'dim' effect...
[[1;92m*[m] Rendering 'blur' effect...
[[1;92m*[m] Rendering 'dimblur' effect...
[[1;92m*[m] Rendering 'pixel' effect...
[[1;92m*[m] Rendering 'dimpixel' effect...
[[1;92m*[m] Rendering 'color' effect...
[[1;97m=[m] Processing display: HDMI-2 (2)
[[1;97m=[m] Resolution: 1920x1080
[[1;92m*[m] Resizing base image...
[[1;92m*[m] Rendering 'dim' effect...
[[1;92m*[m] Rendering 'blur' effect...
[[1;92m*[m] Rendering 'dimblur' effect...
[[1;92m*[m] Rendering 'pixel' effect...
[[1;92m*[m] Rendering 'dimpixel' effect...
[[1;92m*[m] Rendering 'color' effect...
[[1;92m*[m] Creating canvas: 3840x1080
[[1;92m*[m] Rendering final wallpaper images...
[[1;92m*[m] Rendering final lockscreen images...
[[1;93m+[m] Done
[[1;95mB[m] Betterlockscreen
[[1;92m*[m] Updating image cache...
[[1;97m=[m] Detected 2 display(s) @ 3840x1080 total resolution
[[1;97m=[m] Original image(s): 2.jpg 2.jpg
[[1;97m=[m] Processing display: eDP-1 (1)
[[1;97m=[m] Resolution: 1920x1080
[[1;92m*[m] Resizing base image...
[[1;92m*[m] Rendering 'dim' effect...
[[1;92m*[m] Rendering 'blur' effect...
[[1;92m*[m] Rendering 'dimblur' effect...
[[1;92m*[m] Rendering 'pixel' effect...
[[1;92m*[m] Rendering 'dimpixel' effect...
[[1;92m*[m] Rendering 'color' effect...
[[1;97m=[m] Processing display: HDMI-2 (2)
[[1;97m=[m] Resolution: 1920x1080
[[1;92m*[m] Resizing base image...
[[1;92m*[m] Rendering 'dim' effect...
[[1;92m*[m] Rendering 'blur' effect...
[[1;92m*[m] Rendering 'dimblur' effect...
[[1;92m*[m] Rendering 'pixel' effect...
[[1;92m*[m] Rendering 'dimpixel' effect...
[[1;92m*[m] Rendering 'color' effect...
[[1;92m*[m] Creating canvas: 3840x1080
[[1;92m*[m] Rendering final wallpaper images...
[[1;92m*[m] Rendering final lockscreen images...
[[1;93m+[m] Done
xset:  unable to open display ""
xset:  unable to open display ""
[[1;95mB[m] Betterlockscreen
[[1;92m*[m] Updating image cache...
Can't open display 
xdpyinfo:  unable to open display "".
[[1;97m=[m] Detected 0 display(s) @  total resolution
[[1;97m=[m] Original image(s): 
[[1;92m*[m] Rendering final wallpaper images...
[[1;92m*[m] Rendering final lockscreen images...
xrdb: Can't open display ''
xdpyinfo:  unable to open display "".
xrdb: Can't open display ''
xdpyinfo:  unable to open display "".
[[1;93m+[m] Done
[[1;95mB[m] Betterlockscreen
[[1;92m*[m] Updating image cache...
[[1;97m=[m] Detected 2 display(s) @ 3840x1080 total resolution
[[1;97m=[m] Original image(s): 2.jpg 2.jpg
[[1;97m=[m] Processing display: eDP-1 (1)
[[1;97m=[m] Resolution: 1920x1080
[[1;92m*[m] Resizing base image...
[[1;92m*[m] Rendering 'dim' effect...
[[1;92m*[m] Rendering 'blur' effect...
[[1;92m*[m] Rendering 'dimblur' effect...
[[1;92m*[m] Rendering 'pixel' effect...
[[1;92m*[m] Rendering 'dimpixel' effect...
[[1;92m*[m] Rendering 'color' effect...
[[1;97m=[m] Processing display: HDMI-2 (2)
[[1;97m=[m] Resolution: 1920x1080
[[1;92m*[m] Resizing base image...
[[1;92m*[m] Rendering 'dim' effect...
[[1;92m*[m] Rendering 'blur' effect...
[[1;92m*[m] Rendering 'dimblur' effect...
[[1;92m*[m] Rendering 'pixel' effect...
[[1;92m*[m] Rendering 'dimpixel' effect...
[[1;92m*[m] Rendering 'color' effect...
[[1;92m*[m] Creating canvas: 3840x1080
[[1;92m*[m] Rendering final wallpaper images...
[[1;92m*[m] Rendering final lockscreen images...
[[1;93m+[m] Done
[[1;95mB[m] Betterlockscreen
[[1;92m*[m] Updating image cache...
[[1;97m=[m] Detected 2 display(s) @ 3840x1080 total resolution
[[1;97m=[m] Original image(s): 7.jpg 7.jpg
[[1;97m=[m] Processing display: eDP-1 (1)
[[1;97m=[m] Resolution: 1920x1080
[[1;92m*[m] Resizing base image...
[[1;92m*[m] Rendering 'dim' effect...
[[1;92m*[m] Rendering 'blur' effect...
[[1;92m*[m] Rendering 'dimblur' effect...
[[1;92m*[m] Rendering 'pixel' effect...
[[1;92m*[m] Rendering 'dimpixel' effect...
[[1;92m*[m] Rendering 'color' effect...
[[1;97m=[m] Processing display: HDMI-2 (2)
[[1;97m=[m] Resolution: 1920x1080
[[1;92m*[m] Resizing base image...
[[1;92m*[m] Rendering 'dim' effect...
[[1;92m*[m] Rendering 'blur' effect...
[[1;92m*[m] Rendering 'dimblur' effect...
[[1;92m*[m] Rendering 'pixel' effect...
[[1;92m*[m] Rendering 'dimpixel' effect...
[[1;92m*[m] Rendering 'color' effect...
[[1;92m*[m] Creating canvas: 3840x1080
[[1;92m*[m] Rendering final wallpaper images...
[[1;92m*[m] Rendering final lockscreen images...
[[1;93m+[m] Done
[[1;95mB[m] Betterlockscreen
[[1;92m*[m] Updating image cache...
[[1;97m=[m] Detected 2 display(s) @ 3840x1080 total resolution
[[1;97m=[m] Original image(s): 1.jpg 1.jpg
[[1;97m=[m] Processing display: eDP-1 (1)
[[1;97m=[m] Resolution: 1920x1080
[[1;92m*[m] Resizing base image...
[[1;92m*[m] Rendering 'dim' effect...
[[1;92m*[m] Rendering 'blur' effect...
[[1;92m*[m] Rendering 'dimblur' effect...
[[1;92m*[m] Rendering 'pixel' effect...
[[1;92m*[m] Rendering 'dimpixel' effect...
[[1;92m*[m] Rendering 'color' effect...
[[1;97m=[m] Processing display: HDMI-2 (2)
[[1;97m=[m] Resolution: 1920x1080
[[1;92m*[m] Resizing base image...
[[1;92m*[m] Rendering 'dim' effect...
[[1;92m*[m] Rendering 'blur' effect...
[[1;92m*[m] Rendering 'dimblur' effect...
[[1;92m*[m] Rendering 'pixel' effect...
[[1;92m*[m] Rendering 'dimpixel' effect...
[[1;92m*[m] Rendering 'color' effect...
[[1;92m*[m] Creating canvas: 3840x1080
[[1;92m*[m] Rendering final wallpaper images...
[[1;92m*[m] Rendering final lockscreen images...
[[1;93m+[m] Done
[[1;95mB[m] Betterlockscreen
[[1;92m*[m] Updating image cache...
[[1;97m=[m] Detected 2 display(s) @ 3840x1080 total resolution
[[1;97m=[m] Original image(s): 3.jpg 3.jpg
[[1;97m=[m] Processing display: eDP-1 (1)
[[1;97m=[m] Resolution: 1920x1080
[[1;92m*[m] Resizing base image...
[[1;92m*[m] Rendering 'dim' effect...
[[1;92m*[m] Rendering 'blur' effect...
[[1;92m*[m] Rendering 'dimblur' effect...
[[1;92m*[m] Rendering 'pixel' effect...
[[1;92m*[m] Rendering 'dimpixel' effect...
[[1;92m*[m] Rendering 'color' effect...
[[1;97m=[m] Processing display: HDMI-2 (2)
[[1;97m=[m] Resolution: 1920x1080
[[1;92m*[m] Resizing base image...
[[1;92m*[m] Rendering 'dim' effect...
[[1;92m*[m] Rendering 'blur' effect...
[[1;92m*[m] Rendering 'dimblur' effect...
[[1;92m*[m] Rendering 'pixel' effect...
[[1;92m*[m] Rendering 'dimpixel' effect...
[[1;92m*[m] Rendering 'color' effect...
[[1;92m*[m] Creating canvas: 3840x1080
[[1;92m*[m] Rendering final wallpaper images...
[[1;92m*[m] Rendering final lockscreen images...
[[1;93m+[m] Done
xset:  unable to open display ""
xset:  unable to open display ""
[[1;95mB[m] Betterlockscreen
[[1;92m*[m] Updating image cache...
Can't open display 
xdpyinfo:  unable to open display "".
[[1;97m=[m] Detected 0 display(s) @  total resolution
[[1;97m=[m] Original image(s): 
[[1;92m*[m] Rendering final wallpaper images...
[[1;92m*[m] Rendering final lockscreen images...
xrdb: Can't open display ''
xdpyinfo:  unable to open display "".
xrdb: Can't open display ''
xdpyinfo:  unable to open display "".
[[1;93m+[m] Done
[[1;95mB[m] Betterlockscreen
[[1;92m*[m] Updating image cache...
[[1;97m=[m] Detected 2 display(s) @ 3000x1920 total resolution
[[1;97m=[m] Original image(s): 8.jpg 8.jpg
[[1;97m=[m] Processing display: eDP-1 (1)
[[1;97m=[m] Resolution: 1920x1080
[[1;92m*[m] Resizing base image...
[[1;92m*[m] Rendering 'dim' effect...
[[1;92m*[m] Rendering 'blur' effect...
[[1;92m*[m] Rendering 'dimblur' effect...
[[1;92m*[m] Rendering 'pixel' effect...
[[1;92m*[m] Rendering 'dimpixel' effect...
[[1;92m*[m] Rendering 'color' effect...
[[1;97m=[m] Processing display: HDMI-2 (2)
[[1;97m=[m] Resolution: 1080x1920
[[1;92m*[m] Resizing base image...
[[1;92m*[m] Rendering 'dim' effect...
[[1;92m*[m] Rendering 'blur' effect...
[[1;92m*[m] Rendering 'dimblur' effect...
[[1;92m*[m] Rendering 'pixel' effect...
[[1;92m*[m] Rendering 'dimpixel' effect...
[[1;92m*[m] Rendering 'color' effect...
[[1;92m*[m] Creating canvas: 3000x1920
[[1;92m*[m] Rendering final wallpaper images...
[[1;92m*[m] Rendering final lockscreen images...
[[1;93m+[m] Done
xset:  unable to open display ""
xset:  unable to open display ""
[[1;95mB[m] Betterlockscreen
[[1;92m*[m] Updating image cache...
Can't open display 
xdpyinfo:  unable to open display "".
[[1;97m=[m] Detected 0 display(s) @  total resolution
[[1;97m=[m] Original image(s): 
[[1;92m*[m] Rendering final wallpaper images...
[[1;92m*[m] Rendering final lockscreen images...
xrdb: Can't open display ''
xdpyinfo:  unable to open display "".
xrdb: Can't open display ''
xdpyinfo:  unable to open display "".
[[1;93m+[m] Done
[[1;95mB[m] Betterlockscreen
[[1;92m*[m] Updating image cache...
[[1;97m=[m] Detected 2 display(s) @ 3840x1080 total resolution
[[1;97m=[m] Original image(s): 10.jpg 10.jpg
[[1;97m=[m] Processing display: eDP-1 (1)
[[1;97m=[m] Resolution: 1920x1080
[[1;92m*[m] Resizing base image...
[[1;92m*[m] Rendering 'dim' effect...
[[1;92m*[m] Rendering 'blur' effect...
[[1;92m*[m] Rendering 'dimblur' effect...
[[1;92m*[m] Rendering 'pixel' effect...
[[1;92m*[m] Rendering 'dimpixel' effect...
[[1;92m*[m] Rendering 'color' effect...
[[1;97m=[m] Processing display: HDMI-2 (2)
[[1;97m=[m] Resolution: 1920x1080
[[1;92m*[m] Resizing base image...
[[1;92m*[m] Rendering 'dim' effect...
[[1;92m*[m] Rendering 'blur' effect...
[[1;92m*[m] Rendering 'dimblur' effect...
[[1;92m*[m] Rendering 'pixel' effect...
[[1;92m*[m] Rendering 'dimpixel' effect...
[[1;92m*[m] Rendering 'color' effect...
[[1;92m*[m] Creating canvas: 3840x1080
[[1;92m*[m] Rendering final wallpaper images...
[[1;92m*[m] Rendering final lockscreen images...
[[1;93m+[m] Done
[[1;95mB[m] Betterlockscreen
[[1;92m*[m] Updating image cache...
[[1;97m=[m] Detected 2 display(s) @ 3840x1080 total resolution
[[1;97m=[m] Original image(s): 1.jpg 1.jpg
[[1;97m=[m] Processing display: eDP-1 (1)
[[1;97m=[m] Resolution: 1920x1080
[[1;92m*[m] Resizing base image...
[[1;92m*[m] Rendering 'dim' effect...
[[1;92m*[m] Rendering 'blur' effect...
[[1;92m*[m] Rendering 'dimblur' effect...
[[1;92m*[m] Rendering 'pixel' effect...
[[1;92m*[m] Rendering 'dimpixel' effect...
[[1;92m*[m] Rendering 'color' effect...
[[1;97m=[m] Processing display: HDMI-2 (2)
[[1;97m=[m] Resolution: 1920x1080
[[1;92m*[m] Resizing base image...
[[1;92m*[m] Rendering 'dim' effect...
[[1;92m*[m] Rendering 'blur' effect...
[[1;92m*[m] Rendering 'dimblur' effect...
[[1;92m*[m] Rendering 'pixel' effect...
[[1;92m*[m] Rendering 'dimpixel' effect...
[[1;92m*[m] Rendering 'color' effect...
[[1;92m*[m] Creating canvas: 3840x1080
[[1;92m*[m] Rendering final wallpaper images...
[[1;92m*[m] Rendering final lockscreen images...
[[1;93m+[m] Done
[[1;95mB[m] Betterlockscreen
[[1;92m*[m] Updating image cache...
[[1;97m=[m] Detected 2 display(s) @ 3840x1080 total resolution
[[1;97m=[m] Original image(s): 15.jpg 15.jpg
[[1;97m=[m] Processing display: eDP-1 (1)
[[1;97m=[m] Resolution: 1920x1080
[[1;92m*[m] Resizing base image...
[[1;92m*[m] Rendering 'dim' effect...
[[1;92m*[m] Rendering 'blur' effect...
[[1;92m*[m] Rendering 'dimblur' effect...
[[1;92m*[m] Rendering 'pixel' effect...
[[1;92m*[m] Rendering 'dimpixel' effect...
[[1;92m*[m] Rendering 'color' effect...
[[1;97m=[m] Processing display: HDMI-2 (2)
[[1;97m=[m] Resolution: 1920x1080
[[1;92m*[m] Resizing base image...
[[1;92m*[m] Rendering 'dim' effect...
[[1;92m*[m] Rendering 'blur' effect...
[[1;92m*[m] Rendering 'dimblur' effect...
[[1;92m*[m] Rendering 'pixel' effect...
[[1;92m*[m] Rendering 'dimpixel' effect...
[[1;92m*[m] Rendering 'color' effect...
[[1;92m*[m] Creating canvas: 3840x1080
[[1;92m*[m] Rendering final wallpaper images...
[[1;92m*[m] Rendering final lockscreen images...
[[1;93m+[m] Done
xset:  unable to open display ""
xset:  unable to open display ""
[[1;95mB[m] Betterlockscreen
[[1;92m*[m] Updating image cache...
Can't open display 
xdpyinfo:  unable to open display "".
[[1;97m=[m] Detected 0 display(s) @  total resolution
[[1;97m=[m] Original image(s): 
[[1;92m*[m] Rendering final wallpaper images...
[[1;92m*[m] Rendering final lockscreen images...
xrdb: Can't open display ''
xdpyinfo:  unable to open display "".
xrdb: Can't open display ''
xdpyinfo:  unable to open display "".
[[1;93m+[m] Done
[[1;95mB[m] Betterlockscreen
[[1;92m*[m] Updating image cache...
[[1;97m=[m] Detected 2 display(s) @ 3840x1080 total resolution
[[1;97m=[m] Original image(s): 11.jpg 11.jpg
[[1;97m=[m] Processing display: eDP-1 (1)
[[1;97m=[m] Resolution: 1920x1080
[[1;92m*[m] Resizing base image...
[[1;92m*[m] Rendering 'dim' effect...
[[1;92m*[m] Rendering 'blur' effect...
[[1;92m*[m] Rendering 'dimblur' effect...
[[1;92m*[m] Rendering 'pixel' effect...
[[1;92m*[m] Rendering 'dimpixel' effect...
[[1;92m*[m] Rendering 'color' effect...
[[1;97m=[m] Processing display: HDMI-2 (2)
[[1;97m=[m] Resolution: 1920x1080
[[1;92m*[m] Resizing base image...
[[1;92m*[m] Rendering 'dim' effect...
[[1;92m*[m] Rendering 'blur' effect...
[[1;92m*[m] Rendering 'dimblur' effect...
[[1;92m*[m] Rendering 'pixel' effect...
[[1;92m*[m] Rendering 'dimpixel' effect...
[[1;92m*[m] Rendering 'color' effect...
[[1;92m*[m] Creating canvas: 3840x1080
[[1;92m*[m] Rendering final wallpaper images...
[[1;92m*[m] Rendering final lockscreen images...
[[1;93m+[m] Done
[[1;95mB[m] Betterlockscreen
[[1;92m*[m] Updating image cache...
[[1;97m=[m] Detected 2 display(s) @ 3840x1080 total resolution
[[1;97m=[m] Original image(s): 4.jpg 4.jpg
[[1;97m=[m] Processing display: eDP-1 (1)
[[1;97m=[m] Resolution: 1920x1080
[[1;92m*[m] Resizing base image...
[[1;92m*[m] Rendering 'dim' effect...
[[1;92m*[m] Rendering 'blur' effect...
[[1;92m*[m] Rendering 'dimblur' effect...
[[1;92m*[m] Rendering 'pixel' effect...
[[1;92m*[m] Rendering 'dimpixel' effect...
[[1;92m*[m] Rendering 'color' effect...
[[1;97m=[m] Processing display: HDMI-2 (2)
[[1;97m=[m] Resolution: 1920x1080
[[1;92m*[m] Resizing base image...
[[1;92m*[m] Rendering 'dim' effect...
[[1;92m*[m] Rendering 'blur' effect...
[[1;92m*[m] Rendering 'dimblur' effect...
[[1;92m*[m] Rendering 'pixel' effect...
[[1;92m*[m] Rendering 'dimpixel' effect...
[[1;92m*[m] Rendering 'color' effect...
[[1;92m*[m] Creating canvas: 3840x1080
[[1;92m*[m] Rendering final wallpaper images...
[[1;92m*[m] Rendering final lockscreen images...
[[1;93m+[m] Done
xset:  unable to open display ""
xset:  unable to open display ""
[[1;95mB[m] Betterlockscreen
[[1;92m*[m] Updating image cache...
Can't open display 
xdpyinfo:  unable to open display "".
[[1;97m=[m] Detected 0 display(s) @  total resolution
[[1;97m=[m] Original image(s): 
[[1;92m*[m] Rendering final wallpaper images...
[[1;92m*[m] Rendering final lockscreen images...
xrdb: Can't open display ''
xdpyinfo:  unable to open display "".
xrdb: Can't open display ''
xdpyinfo:  unable to open display "".
[[1;93m+[m] Done
[[1;95mB[m] Betterlockscreen
[[1;92m*[m] Updating image cache...
[[1;97m=[m] Detected 2 display(s) @ 3840x1080 total resolution
[[1;97m=[m] Original image(s): 2.jpg 2.jpg
[[1;97m=[m] Processing display: eDP-1 (1)
[[1;97m=[m] Resolution: 1920x1080
[[1;92m*[m] Resizing base image...
[[1;92m*[m] Rendering 'dim' effect...
[[1;92m*[m] Rendering 'blur' effect...
[[1;92m*[m] Rendering 'dimblur' effect...
[[1;92m*[m] Rendering 'pixel' effect...
[[1;92m*[m] Rendering 'dimpixel' effect...
[[1;92m*[m] Rendering 'color' effect...
[[1;97m=[m] Processing display: HDMI-2 (2)
[[1;97m=[m] Resolution: 1920x1080
[[1;92m*[m] Resizing base image...
[[1;92m*[m] Rendering 'dim' effect...
[[1;92m*[m] Rendering 'blur' effect...
[[1;92m*[m] Rendering 'dimblur' effect...
[[1;92m*[m] Rendering 'pixel' effect...
[[1;92m*[m] Rendering 'dimpixel' effect...
[[1;92m*[m] Rendering 'color' effect...
[[1;92m*[m] Creating canvas: 3840x1080
[[1;92m*[m] Rendering final wallpaper images...
[[1;92m*[m] Rendering final lockscreen images...
[[1;93m+[m] Done
[[1;95mB[m] Betterlockscreen
[[1;92m*[m] Updating image cache...
[[1;97m=[m] Detected 2 display(s) @ 3840x1080 total resolution
[[1;97m=[m] Original image(s): 12.jpg 12.jpg
[[1;97m=[m] Processing display: eDP-1 (1)
[[1;97m=[m] Resolution: 1920x1080
[[1;92m*[m] Resizing base image...
[[1;92m*[m] Rendering 'dim' effect...
[[1;92m*[m] Rendering 'blur' effect...
[[1;92m*[m] Rendering 'dimblur' effect...
[[1;92m*[m] Rendering 'pixel' effect...
[[1;92m*[m] Rendering 'dimpixel' effect...
[[1;92m*[m] Rendering 'color' effect...
[[1;97m=[m] Processing display: HDMI-2 (2)
[[1;97m=[m] Resolution: 1920x1080
[[1;92m*[m] Resizing base image...
[[1;92m*[m] Rendering 'dim' effect...
[[1;92m*[m] Rendering 'blur' effect...
[[1;92m*[m] Rendering 'dimblur' effect...
[[1;92m*[m] Rendering 'pixel' effect...
[[1;92m*[m] Rendering 'dimpixel' effect...
[[1;92m*[m] Rendering 'color' effect...
[[1;92m*[m] Creating canvas: 3840x1080
[[1;92m*[m] Rendering final wallpaper images...
[[1;92m*[m] Rendering final lockscreen images...
[[1;93m+[m] Done
[[1;95mB[m] Betterlockscreen
[[1;92m*[m] Updating image cache...
[[1;97m=[m] Detected 2 display(s) @ 3840x1080 total resolution
[[1;97m=[m] Original image(s): 2.jpg 2.jpg
[[1;97m=[m] Processing display: eDP-1 (1)
[[1;97m=[m] Resolution: 1920x1080
[[1;92m*[m] Resizing base image...
[[1;92m*[m] Rendering 'dim' effect...
[[1;92m*[m] Rendering 'blur' effect...
[[1;92m*[m] Rendering 'dimblur' effect...
[[1;92m*[m] Rendering 'pixel' effect...
[[1;92m*[m] Rendering 'dimpixel' effect...
[[1;92m*[m] Rendering 'color' effect...
[[1;97m=[m] Processing display: HDMI-2 (2)
[[1;97m=[m] Resolution: 1920x1080
[[1;92m*[m] Resizing base image...
[[1;92m*[m] Rendering 'dim' effect...
[[1;92m*[m] Rendering 'blur' effect...
[[1;92m*[m] Rendering 'dimblur' effect...
[[1;92m*[m] Rendering 'pixel' effect...
[[1;92m*[m] Rendering 'dimpixel' effect...
[[1;92m*[m] Rendering 'color' effect...
[[1;92m*[m] Creating canvas: 3840x1080
[[1;92m*[m] Rendering final wallpaper images...
[[1;92m*[m] Rendering final lockscreen images...
[[1;93m+[m] Done
[[1;95mB[m] Betterlockscreen
[[1;92m*[m] Updating image cache...
[[1;97m=[m] Detected 2 display(s) @ 3840x1080 total resolution
[[1;97m=[m] Original image(s): 1.jpg 1.jpg
[[1;97m=[m] Processing display: eDP-1 (1)
[[1;97m=[m] Resolution: 1920x1080
[[1;92m*[m] Resizing base image...
[[1;92m*[m] Rendering 'dim' effect...
[[1;92m*[m] Rendering 'blur' effect...
[[1;92m*[m] Rendering 'dimblur' effect...
[[1;92m*[m] Rendering 'pixel' effect...
[[1;92m*[m] Rendering 'dimpixel' effect...
[[1;92m*[m] Rendering 'color' effect...
[[1;97m=[m] Processing display: HDMI-2 (2)
[[1;97m=[m] Resolution: 1920x1080
[[1;92m*[m] Resizing base image...
[[1;92m*[m] Rendering 'dim' effect...
[[1;92m*[m] Rendering 'blur' effect...
[[1;92m*[m] Rendering 'dimblur' effect...
[[1;92m*[m] Rendering 'pixel' effect...
[[1;92m*[m] Rendering 'dimpixel' effect...
[[1;92m*[m] Rendering 'color' effect...
[[1;92m*[m] Creating canvas: 3840x1080
[[1;92m*[m] Rendering final wallpaper images...
[[1;92m*[m] Rendering final lockscreen images...
[[1;93m+[m] Done
[[1;95mB[m] Betterlockscreen
[[1;92m*[m] Updating image cache...
[[1;97m=[m] Detected 2 display(s) @ 3840x1080 total resolution
[[1;97m=[m] Original image(s): 14.jpg 14.jpg
[[1;97m=[m] Processing display: eDP-1 (1)
[[1;97m=[m] Resolution: 1920x1080
[[1;92m*[m] Resizing base image...
[[1;92m*[m] Rendering 'dim' effect...
[[1;92m*[m] Rendering 'blur' effect...
[[1;92m*[m] Rendering 'dimblur' effect...
[[1;92m*[m] Rendering 'pixel' effect...
[[1;92m*[m] Rendering 'dimpixel' effect...
[[1;92m*[m] Rendering 'color' effect...
[[1;97m=[m] Processing display: HDMI-2 (2)
[[1;97m=[m] Resolution: 1920x1080
[[1;92m*[m] Resizing base image...
[[1;92m*[m] Rendering 'dim' effect...
[[1;92m*[m] Rendering 'blur' effect...
[[1;92m*[m] Rendering 'dimblur' effect...
[[1;92m*[m] Rendering 'pixel' effect...
[[1;92m*[m] Rendering 'dimpixel' effect...
[[1;92m*[m] Rendering 'color' effect...
[[1;92m*[m] Creating canvas: 3840x1080
[[1;92m*[m] Rendering final wallpaper images...
[[1;92m*[m] Rendering final lockscreen images...
[[1;93m+[m] Done
[[1;95mB[m] Betterlockscreen
[[1;92m*[m] Updating image cache...
[[1;97m=[m] Detected 2 display(s) @ 3840x1080 total resolution
[[1;97m=[m] Original image(s): 6.jpg 6.jpg
[[1;97m=[m] Processing display: eDP-1 (1)
[[1;97m=[m] Resolution: 1920x1080
[[1;92m*[m] Resizing base image...
[[1;92m*[m] Rendering 'dim' effect...
[[1;92m*[m] Rendering 'blur' effect...
[[1;92m*[m] Rendering 'dimblur' effect...
[[1;92m*[m] Rendering 'pixel' effect...
[[1;92m*[m] Rendering 'dimpixel' effect...
[[1;92m*[m] Rendering 'color' effect...
[[1;97m=[m] Processing display: HDMI-2 (2)
[[1;97m=[m] Resolution: 1920x1080
[[1;92m*[m] Resizing base image...
[[1;92m*[m] Rendering 'dim' effect...
[[1;92m*[m] Rendering 'blur' effect...
[[1;92m*[m] Rendering 'dimblur' effect...
[[1;92m*[m] Rendering 'pixel' effect...
[[1;92m*[m] Rendering 'dimpixel' effect...
[[1;92m*[m] Rendering 'color' effect...
[[1;92m*[m] Creating canvas: 3840x1080
[[1;92m*[m] Rendering final wallpaper images...
[[1;92m*[m] Rendering final lockscreen images...
[[1;93m+[m] Done
[[1;95mB[m] Betterlockscreen
[[1;92m*[m] Updating image cache...
[[1;97m=[m] Detected 2 display(s) @ 3840x1080 total resolution
[[1;97m=[m] Original image(s): 3.jpg 3.jpg
[[1;97m=[m] Processing display: eDP-1 (1)
[[1;97m=[m] Resolution: 1920x1080
[[1;92m*[m] Resizing base image...
[[1;92m*[m] Rendering 'dim' effect...
[[1;92m*[m] Rendering 'blur' effect...
[[1;92m*[m] Rendering 'dimblur' effect...
[[1;92m*[m] Rendering 'pixel' effect...
[[1;92m*[m] Rendering 'dimpixel' effect...
[[1;92m*[m] Rendering 'color' effect...
[[1;97m=[m] Processing display: HDMI-2 (2)
[[1;97m=[m] Resolution: 1920x1080
[[1;92m*[m] Resizing base image...
[[1;92m*[m] Rendering 'dim' effect...
[[1;92m*[m] Rendering 'blur' effect...
[[1;92m*[m] Rendering 'dimblur' effect...
[[1;92m*[m] Rendering 'pixel' effect...
[[1;92m*[m] Rendering 'dimpixel' effect...
[[1;92m*[m] Rendering 'color' effect...
[[1;92m*[m] Creating canvas: 3840x1080
[[1;92m*[m] Rendering final wallpaper images...
[[1;92m*[m] Rendering final lockscreen images...
[[1;93m+[m] Done
[[1;95mB[m] Betterlockscreen
[[1;92m*[m] Updating image cache...
[[1;97m=[m] Detected 2 display(s) @ 3840x1080 total resolution
[[1;97m=[m] Original image(s): 6.jpg 6.jpg
[[1;97m=[m] Processing display: eDP-1 (1)
[[1;97m=[m] Resolution: 1920x1080
[[1;92m*[m] Resizing base image...
[[1;92m*[m] Rendering 'dim' effect...
[[1;92m*[m] Rendering 'blur' effect...
[[1;92m*[m] Rendering 'dimblur' effect...
[[1;92m*[m] Rendering 'pixel' effect...
[[1;92m*[m] Rendering 'dimpixel' effect...
[[1;92m*[m] Rendering 'color' effect...
[[1;97m=[m] Processing display: HDMI-2 (2)
[[1;97m=[m] Resolution: 1920x1080
[[1;92m*[m] Resizing base image...
[[1;92m*[m] Rendering 'dim' effect...
[[1;92m*[m] Rendering 'blur' effect...
[[1;92m*[m] Rendering 'dimblur' effect...
[[1;92m*[m] Rendering 'pixel' effect...
[[1;92m*[m] Rendering 'dimpixel' effect...
[[1;92m*[m] Rendering 'color' effect...
[[1;92m*[m] Creating canvas: 3840x1080
[[1;92m*[m] Rendering final wallpaper images...
[[1;92m*[m] Rendering final lockscreen images...
[[1;93m+[m] Done
[[1;95mB[m] Betterlockscreen
[[1;92m*[m] Updating image cache...
[[1;97m=[m] Detected 2 display(s) @ 3840x1080 total resolution
[[1;97m=[m] Original image(s): 7.jpg 7.jpg
[[1;97m=[m] Processing display: eDP-1 (1)
[[1;97m=[m] Resolution: 1920x1080
[[1;92m*[m] Resizing base image...
[[1;92m*[m] Rendering 'dim' effect...
[[1;92m*[m] Rendering 'blur' effect...
xset:  unable to open display ""
xset:  unable to open display ""
[[1;95mB[m] Betterlockscreen
[[1;92m*[m] Updating image cache...
Can't open display 
xdpyinfo:  unable to open display "".
[[1;97m=[m] Detected 0 display(s) @  total resolution
[[1;97m=[m] Original image(s): 
[[1;92m*[m] Rendering final wallpaper images...
[[1;92m*[m] Rendering final lockscreen images...
xrdb: Can't open display ''
xdpyinfo:  unable to open display "".
xrdb: Can't open display ''
xdpyinfo:  unable to open display "".
[[1;93m+[m] Done
xset:  unable to open display ""
xset:  unable to open display ""
[[1;95mB[m] Betterlockscreen
[[1;92m*[m] Updating image cache...
Can't open display 
xdpyinfo:  unable to open display "".
[[1;97m=[m] Detected 0 display(s) @  total resolution
[[1;97m=[m] Original image(s): 
[[1;92m*[m] Rendering final wallpaper images...
[[1;92m*[m] Rendering final lockscreen images...
xrdb: Can't open display ''
xdpyinfo:  unable to open display "".
xrdb: Can't open display ''
xdpyinfo:  unable to open display "".
[[1;93m+[m] Done
[[1;95mB[m] Betterlockscreen
[[1;92m*[m] Updating image cache...
[[1;97m=[m] Detected 2 display(s) @ 3840x1080 total resolution
[[1;97m=[m] Original image(s): 2.jpg 2.jpg
[[1;97m=[m] Processing display: eDP-1 (1)
[[1;97m=[m] Resolution: 1920x1080
[[1;92m*[m] Resizing base image...
[[1;92m*[m] Rendering 'dim' effect...
[[1;92m*[m] Rendering 'blur' effect...
[[1;92m*[m] Rendering 'dimblur' effect...
[[1;92m*[m] Rendering 'pixel' effect...
[[1;92m*[m] Rendering 'dimpixel' effect...
[[1;92m*[m] Rendering 'color' effect...
[[1;97m=[m] Processing display: HDMI-2 (2)
[[1;97m=[m] Resolution: 1920x1080
[[1;92m*[m] Resizing base image...
[[1;92m*[m] Rendering 'dim' effect...
[[1;92m*[m] Rendering 'blur' effect...
[[1;92m*[m] Rendering 'dimblur' effect...
[[1;92m*[m] Rendering 'pixel' effect...
[[1;92m*[m] Rendering 'dimpixel' effect...
[[1;92m*[m] Rendering 'color' effect...
[[1;92m*[m] Creating canvas: 3840x1080
[[1;92m*[m] Rendering final wallpaper images...
[[1;92m*[m] Rendering final lockscreen images...
[[1;93m+[m] Done
[[1;95mB[m] Betterlockscreen
[[1;92m*[m] Updating image cache...
[[1;97m=[m] Detected 2 display(s) @ 3840x1080 total resolution
[[1;97m=[m] Original image(s): 15.jpg 15.jpg
[[1;97m=[m] Processing display: eDP-1 (1)
[[1;97m=[m] Resolution: 1920x1080
[[1;92m*[m] Resizing base image...
[[1;92m*[m] Rendering 'dim' effect...
[[1;92m*[m] Rendering 'blur' effect...
[[1;92m*[m] Rendering 'dimblur' effect...
[[1;92m*[m] Rendering 'pixel' effect...
[[1;92m*[m] Rendering 'dimpixel' effect...
[[1;92m*[m] Rendering 'color' effect...
[[1;97m=[m] Processing display: HDMI-2 (2)
[[1;97m=[m] Resolution: 1920x1080
[[1;92m*[m] Resizing base image...
[[1;92m*[m] Rendering 'dim' effect...
[[1;92m*[m] Rendering 'blur' effect...
[[1;92m*[m] Rendering 'dimblur' effect...
[[1;92m*[m] Rendering 'pixel' effect...
[[1;92m*[m] Rendering 'dimpixel' effect...
[[1;92m*[m] Rendering 'color' effect...
[[1;92m*[m] Creating canvas: 3840x1080
[[1;92m*[m] Rendering final wallpaper images...
[[1;92m*[m] Rendering final lockscreen images...
[[1;93m+[m] Done
[[1;95mB[m] Betterlockscreen
[[1;92m*[m] Updating image cache...
[[1;97m=[m] Detected 2 display(s) @ 3840x1080 total resolution
[[1;97m=[m] Original image(s): 7.jpg 7.jpg
[[1;97m=[m] Processing display: eDP-1 (1)
[[1;97m=[m] Resolution: 1920x1080
[[1;92m*[m] Resizing base image...
[[1;92m*[m] Rendering 'dim' effect...
[[1;92m*[m] Rendering 'blur' effect...
[[1;92m*[m] Rendering 'dimblur' effect...
[[1;92m*[m] Rendering 'pixel' effect...
[[1;92m*[m] Rendering 'dimpixel' effect...
[[1;92m*[m] Rendering 'color' effect...
[[1;97m=[m] Processing display: HDMI-2 (2)
[[1;97m=[m] Resolution: 1920x1080
[[1;92m*[m] Resizing base image...
[[1;92m*[m] Rendering 'dim' effect...
[[1;92m*[m] Rendering 'blur' effect...
[[1;92m*[m] Rendering 'dimblur' effect...
[[1;92m*[m] Rendering 'pixel' effect...
[[1;92m*[m] Rendering 'dimpixel' effect...
[[1;92m*[m] Rendering 'color' effect...
[[1;92m*[m] Creating canvas: 3840x1080
[[1;92m*[m] Rendering final wallpaper images...
[[1;92m*[m] Rendering final lockscreen images...
[[1;93m+[m] Done
[[1;95mB[m] Betterlockscreen
[[1;92m*[m] Updating image cache...
[[1;97m=[m] Detected 2 display(s) @ 3840x1080 total resolution
[[1;97m=[m] Original image(s): 5.jpg 5.jpg
[[1;97m=[m] Processing display: eDP-1 (1)
[[1;97m=[m] Resolution: 1920x1080
[[1;92m*[m] Resizing base image...
[[1;92m*[m] Rendering 'dim' effect...
[[1;92m*[m] Rendering 'blur' effect...
[[1;92m*[m] Rendering 'dimblur' effect...
[[1;92m*[m] Rendering 'pixel' effect...
[[1;92m*[m] Rendering 'dimpixel' effect...
[[1;92m*[m] Rendering 'color' effect...
[[1;97m=[m] Processing display: HDMI-2 (2)
[[1;97m=[m] Resolution: 1920x1080
[[1;92m*[m] Resizing base image...
[[1;92m*[m] Rendering 'dim' effect...
[[1;92m*[m] Rendering 'blur' effect...
[[1;92m*[m] Rendering 'dimblur' effect...
[[1;92m*[m] Rendering 'pixel' effect...
[[1;92m*[m] Rendering 'dimpixel' effect...
[[1;92m*[m] Rendering 'color' effect...
[[1;92m*[m] Creating canvas: 3840x1080
[[1;92m*[m] Rendering final wallpaper images...
[[1;92m*[m] Rendering final lockscreen images...
[[1;93m+[m] Done
[[1;95mB[m] Betterlockscreen
[[1;92m*[m] Updating image cache...
[[1;97m=[m] Detected 2 display(s) @ 3840x1080 total resolution
[[1;97m=[m] Original image(s): 12.jpg 12.jpg
[[1;97m=[m] Processing display: eDP-1 (1)
[[1;97m=[m] Resolution: 1920x1080
[[1;92m*[m] Resizing base image...
[[1;92m*[m] Rendering 'dim' effect...
[[1;92m*[m] Rendering 'blur' effect...
[[1;92m*[m] Rendering 'dimblur' effect...
[[1;92m*[m] Rendering 'pixel' effect...
[[1;92m*[m] Rendering 'dimpixel' effect...
[[1;92m*[m] Rendering 'color' effect...
[[1;97m=[m] Processing display: HDMI-2 (2)
[[1;97m=[m] Resolution: 1920x1080
[[1;92m*[m] Resizing base image...
[[1;92m*[m] Rendering 'dim' effect...
[[1;92m*[m] Rendering 'blur' effect...
[[1;92m*[m] Rendering 'dimblur' effect...
[[1;92m*[m] Rendering 'pixel' effect...
[[1;92m*[m] Rendering 'dimpixel' effect...
[[1;92m*[m] Rendering 'color' effect...
[[1;92m*[m] Creating canvas: 3840x1080
[[1;92m*[m] Rendering final wallpaper images...
[[1;92m*[m] Rendering final lockscreen images...
[[1;93m+[m] Done
xset:  unable to open display ""
xset:  unable to open display ""
[[1;95mB[m] Betterlockscreen
[[1;92m*[m] Updating image cache...
Can't open display 
xdpyinfo:  unable to open display "".
[[1;97m=[m] Detected 0 display(s) @  total resolution
[[1;97m=[m] Original image(s): 
[[1;92m*[m] Rendering final wallpaper images...
[[1;92m*[m] Rendering final lockscreen images...
xrdb: Can't open display ''
xdpyinfo:  unable to open display "".
xrdb: Can't open display ''
xdpyinfo:  unable to open display "".
[[1;93m+[m] Done
[[1;95mB[m] Betterlockscreen
[[1;92m*[m] Updating image cache...
[[1;97m=[m] Detected 2 display(s) @ 3840x1080 total resolution
[[1;97m=[m] Original image(s): 1.jpg 1.jpg
[[1;97m=[m] Processing display: eDP-1 (1)
[[1;97m=[m] Resolution: 1920x1080
[[1;92m*[m] Resizing base image...
[[1;92m*[m] Rendering 'dim' effect...
[[1;92m*[m] Rendering 'blur' effect...
[[1;92m*[m] Rendering 'dimblur' effect...
[[1;92m*[m] Rendering 'pixel' effect...
[[1;92m*[m] Rendering 'dimpixel' effect...
[[1;92m*[m] Rendering 'color' effect...
[[1;97m=[m] Processing display: HDMI-2 (2)
[[1;97m=[m] Resolution: 1920x1080
[[1;92m*[m] Resizing base image...
[[1;92m*[m] Rendering 'dim' effect...
[[1;92m*[m] Rendering 'blur' effect...
[[1;92m*[m] Rendering 'dimblur' effect...
[[1;92m*[m] Rendering 'pixel' effect...
[[1;92m*[m] Rendering 'dimpixel' effect...
[[1;92m*[m] Rendering 'color' effect...
[[1;92m*[m] Creating canvas: 3840x1080
[[1;92m*[m] Rendering final wallpaper images...
[[1;92m*[m] Rendering final lockscreen images...
[[1;93m+[m] Done
xset:  unable to open display ""
xset:  unable to open display ""
[[1;95mB[m] Betterlockscreen
[[1;92m*[m] Updating image cache...
Can't open display 
xdpyinfo:  unable to open display "".
[[1;97m=[m] Detected 0 display(s) @  total resolution
[[1;97m=[m] Original image(s): 
[[1;92m*[m] Rendering final wallpaper images...
[[1;92m*[m] Rendering final lockscreen images...
xrdb: Can't open display ''
xdpyinfo:  unable to open display "".
xrdb: Can't open display ''
xdpyinfo:  unable to open display "".
[[1;93m+[m] Done
[[1;95mB[m] Betterlockscreen
[[1;92m*[m] Updating image cache...
[[1;97m=[m] Detected 2 display(s) @ 3840x1080 total resolution
[[1;97m=[m] Original image(s): 2.jpg 2.jpg
[[1;97m=[m] Processing display: eDP-1 (1)
[[1;97m=[m] Resolution: 1920x1080
[[1;92m*[m] Resizing base image...
[[1;92m*[m] Rendering 'dim' effect...
[[1;92m*[m] Rendering 'blur' effect...
[[1;92m*[m] Rendering 'dimblur' effect...
[[1;92m*[m] Rendering 'pixel' effect...
[[1;92m*[m] Rendering 'dimpixel' effect...
[[1;92m*[m] Rendering 'color' effect...
[[1;97m=[m] Processing display: HDMI-2 (2)
[[1;97m=[m] Resolution: 1920x1080
[[1;92m*[m] Resizing base image...
[[1;92m*[m] Rendering 'dim' effect...
[[1;92m*[m] Rendering 'blur' effect...
[[1;92m*[m] Rendering 'dimblur' effect...
[[1;92m*[m] Rendering 'pixel' effect...
[[1;92m*[m] Rendering 'dimpixel' effect...
[[1;92m*[m] Rendering 'color' effect...
[[1;92m*[m] Creating canvas: 3840x1080
[[1;92m*[m] Rendering final wallpaper images...
[[1;92m*[m] Rendering final lockscreen images...
[[1;93m+[m] Done
[[1;95mB[m] Betterlockscreen
[[1;92m*[m] Updating image cache...
[[1;97m=[m] Detected 2 display(s) @ 3840x1080 total resolution
[[1;97m=[m] Original image(s): 14.jpg 14.jpg
[[1;97m=[m] Processing display: eDP-1 (1)
[[1;97m=[m] Resolution: 1920x1080
[[1;92m*[m] Resizing base image...
[[1;92m*[m] Rendering 'dim' effect...
[[1;92m*[m] Rendering 'blur' effect...
[[1;92m*[m] Rendering 'dimblur' effect...
[[1;92m*[m] Rendering 'pixel' effect...
[[1;92m*[m] Rendering 'dimpixel' effect...
[[1;92m*[m] Rendering 'color' effect...
[[1;97m=[m] Processing display: HDMI-2 (2)
[[1;97m=[m] Resolution: 1920x1080
[[1;92m*[m] Resizing base image...
[[1;92m*[m] Rendering 'dim' effect...
[[1;92m*[m] Rendering 'blur' effect...
[[1;92m*[m] Rendering 'dimblur' effect...
[[1;92m*[m] Rendering 'pixel' effect...
[[1;92m*[m] Rendering 'dimpixel' effect...
[[1;92m*[m] Rendering 'color' effect...
[[1;92m*[m] Creating canvas: 3840x1080
[[1;92m*[m] Rendering final wallpaper images...
[[1;92m*[m] Rendering final lockscreen images...
[[1;93m+[m] Done
xset:  unable to open display ""
xset:  unable to open display ""
[[1;95mB[m] Betterlockscreen
[[1;92m*[m] Updating image cache...
Can't open display 
xdpyinfo:  unable to open display "".
[[1;97m=[m] Detected 0 display(s) @  total resolution
[[1;97m=[m] Original image(s): 
[[1;92m*[m] Rendering final wallpaper images...
[[1;92m*[m] Rendering final lockscreen images...
xrdb: Can't open display ''
xdpyinfo:  unable to open display "".
xrdb: Can't open display ''
xdpyinfo:  unable to open display "".
[[1;93m+[m] Done
[[1;95mB[m] Betterlockscreen
[[1;92m*[m] Updating image cache...
[[1;97m=[m] Detected 2 display(s) @ 3840x1080 total resolution
[[1;97m=[m] Original image(s): 9.jpg 9.jpg
[[1;97m=[m] Processing display: eDP-1 (1)
[[1;97m=[m] Resolution: 1920x1080
[[1;92m*[m] Resizing base image...
[[1;92m*[m] Rendering 'dim' effect...
[[1;92m*[m] Rendering 'blur' effect...
[[1;92m*[m] Rendering 'dimblur' effect...
[[1;92m*[m] Rendering 'pixel' effect...
[[1;92m*[m] Rendering 'dimpixel' effect...
[[1;92m*[m] Rendering 'color' effect...
[[1;97m=[m] Processing display: HDMI-2 (2)
[[1;97m=[m] Resolution: 1920x1080
[[1;92m*[m] Resizing base image...
[[1;92m*[m] Rendering 'dim' effect...
[[1;92m*[m] Rendering 'blur' effect...
[[1;92m*[m] Rendering 'dimblur' effect...
[[1;92m*[m] Rendering 'pixel' effect...
[[1;92m*[m] Rendering 'dimpixel' effect...
[[1;92m*[m] Rendering 'color' effect...
[[1;92m*[m] Creating canvas: 3840x1080
[[1;92m*[m] Rendering final wallpaper images...
[[1;92m*[m] Rendering final lockscreen images...
[[1;93m+[m] Done
[[1;95mB[m] Betterlockscreen
[[1;92m*[m] Updating image cache...
[[1;97m=[m] Detected 2 display(s) @ 3840x1080 total resolution
[[1;97m=[m] Original image(s): 3.jpg 3.jpg
[[1;97m=[m] Processing display: eDP-1 (1)
[[1;97m=[m] Resolution: 1920x1080
[[1;92m*[m] Resizing base image...
[[1;92m*[m] Rendering 'dim' effect...
[[1;92m*[m] Rendering 'blur' effect...
[[1;92m*[m] Rendering 'dimblur' effect...
[[1;92m*[m] Rendering 'pixel' effect...
[[1;92m*[m] Rendering 'dimpixel' effect...
[[1;92m*[m] Rendering 'color' effect...
[[1;97m=[m] Processing display: HDMI-2 (2)
[[1;97m=[m] Resolution: 1920x1080
[[1;92m*[m] Resizing base image...
[[1;92m*[m] Rendering 'dim' effect...
[[1;92m*[m] Rendering 'blur' effect...
[[1;92m*[m] Rendering 'dimblur' effect...
[[1;92m*[m] Rendering 'pixel' effect...
[[1;92m*[m] Rendering 'dimpixel' effect...
[[1;92m*[m] Rendering 'color' effect...
[[1;92m*[m] Creating canvas: 3840x1080
[[1;92m*[m] Rendering final wallpaper images...
[[1;92m*[m] Rendering final lockscreen images...
[[1;93m+[m] Done
